Using pre-set license
Built from '2022.3/staging' branch; Version is '2022.3.45f1 (a13dfa44d684) revision 10567162'; Using compiler version '192829333'; Build Type 'Release'
OS: 'Windows 10  (10.0.19045) 64bit Core' Language: 'en' Physical Memory: 32705 MB
BatchMode: 1, IsHumanControllingUs: 0, StartBugReporterOnCrash: 0, Is64bit: 1, IsPro: 1

COMMAND LINE ARGUMENTS:
C:\Program Files\Unity\Hub\Editor\2022.3.45f1\Editor\Unity.exe
-adb2
-batchMode
-noUpm
-name
AssetImportWorker9
-projectPath
C:/Users/andra/OneDrive/Desktop/spacegame version 19nov/SpaceGame
-logFile
Logs/AssetImportWorker9.log
-srvPort
53449
Successfully changed project path to: C:/Users/andra/OneDrive/Desktop/spacegame version 19nov/SpaceGame
C:/Users/andra/OneDrive/Desktop/spacegame version 19nov/SpaceGame
[UnityMemory] Configuration Parameters - Can be set up in boot.config
    "memorysetup-bucket-allocator-granularity=16"
    "memorysetup-bucket-allocator-bucket-count=8"
    "memorysetup-bucket-allocator-block-size=33554432"
    "memorysetup-bucket-allocator-block-count=8"
    "memorysetup-main-allocator-block-size=16777216"
    "memorysetup-thread-allocator-block-size=16777216"
    "memorysetup-gfx-main-allocator-block-size=16777216"
    "memorysetup-gfx-thread-allocator-block-size=16777216"
    "memorysetup-cache-allocator-block-size=4194304"
    "memorysetup-typetree-allocator-block-size=2097152"
    "memorysetup-profiler-bucket-allocator-granularity=16"
    "memorysetup-profiler-bucket-allocator-bucket-count=8"
    "memorysetup-profiler-bucket-allocator-block-size=33554432"
    "memorysetup-profiler-bucket-allocator-block-count=8"
    "memorysetup-profiler-allocator-block-size=16777216"
    "memorysetup-profiler-editor-allocator-block-size=1048576"
    "memorysetup-temp-allocator-size-main=16777216"
    "memorysetup-job-temp-allocator-block-size=2097152"
    "memorysetup-job-temp-allocator-block-size-background=1048576"
    "memorysetup-job-temp-allocator-reduction-small-platforms=262144"
    "memorysetup-allocator-temp-initial-block-size-main=262144"
    "memorysetup-allocator-temp-initial-block-size-worker=262144"
    "memorysetup-temp-allocator-size-background-worker=32768"
    "memorysetup-temp-allocator-size-job-worker=262144"
    "memorysetup-temp-allocator-size-preload-manager=33554432"
    "memorysetup-temp-allocator-size-nav-mesh-worker=65536"
    "memorysetup-temp-allocator-size-audio-worker=65536"
    "memorysetup-temp-allocator-size-cloud-worker=32768"
    "memorysetup-temp-allocator-size-gi-baking-worker=262144"
    "memorysetup-temp-allocator-size-gfx=262144"
Player connection [30448]  Target information:

Player connection [30448]  * "[IP] 192.168.2.18 [Port] 0 [Flags] 2 [Guid] 777715255 [EditorId] 777715255 [Version] 1048832 [Id] WindowsEditor(7,DESKTOP-FDRL4TC) [Debug] 1 [PackageName] WindowsEditor [ProjectName] Editor" 

Player connection [30448] Host joined multi-casting on [225.0.0.222:54997]...
Player connection [30448] Host joined alternative multi-casting on [225.0.0.222:34997]...
[PhysX] Initialized MultithreadedTaskDispatcher with 16 workers.
Refreshing native plugins compatible for Editor in 22.02 ms, found 4 plugins.
Preloading 0 native plugins for Editor in 0.00 ms.
Initialize engine version: 2022.3.45f1 (a13dfa44d684)
[Subsystems] Discovering subsystems at path C:/Program Files/Unity/Hub/Editor/2022.3.45f1/Editor/Data/Resources/UnitySubsystems
[Subsystems] Discovering subsystems at path C:/Users/andra/OneDrive/Desktop/spacegame version 19nov/SpaceGame/Assets
GfxDevice: creating device client; threaded=0; jobified=0
Direct3D:
    Version:  Direct3D 11.0 [level 11.1]
    Renderer: NVIDIA GeForce RTX 3070 (ID=0x2484)
    Vendor:   NVIDIA
    VRAM:     8018 MB
    Driver:   32.0.15.6094
Initialize mono
Mono path[0] = 'C:/Program Files/Unity/Hub/Editor/2022.3.45f1/Editor/Data/Managed'
Mono path[1] = 'C:/Program Files/Unity/Hub/Editor/2022.3.45f1/Editor/Data/MonoBleedingEdge/lib/mono/unityjit-win32'
Mono config path = 'C:/Program Files/Unity/Hub/Editor/2022.3.45f1/Editor/Data/MonoBleedingEdge/etc'
Using monoOptions --debugger-agent=transport=dt_socket,embedding=1,server=y,suspend=n,address=127.0.0.1:56296
Begin MonoManager ReloadAssembly
Registering precompiled unity dll's ...
Register platform support module: C:/Program Files/Unity/Hub/Editor/2022.3.45f1/Editor/Data/PlaybackEngines/WindowsStandaloneSupport/UnityEditor.WindowsStandalone.Extensions.dll
Registered in 0.014671 seconds.
- Loaded All Assemblies, in  0.371 seconds
Native extension for WindowsStandalone target not found
Mono: successfully reloaded assembly
- Finished resetting the current domain, in  0.259 seconds
Domain Reload Profiling: 626ms
	BeginReloadAssembly (116ms)
		ExecutionOrderSort (0ms)
		DisableScriptedObjects (0ms)
		BackupInstance (0ms)
		ReleaseScriptingObjects (0ms)
		CreateAndSetChildDomain (1ms)
	RebuildCommonClasses (36ms)
	RebuildNativeTypeToScriptingClass (10ms)
	initialDomainReloadingComplete (70ms)
	LoadAllAssembliesAndSetupDomain (134ms)
		LoadAssemblies (113ms)
		RebuildTransferFunctionScriptingTraits (0ms)
		AnalyzeDomain (132ms)
			TypeCache.Refresh (131ms)
				TypeCache.ScanAssembly (117ms)
			ScanForSourceGeneratedMonoScriptInfo (0ms)
			ResolveRequiredComponents (0ms)
	FinalizeReload (259ms)
		ReleaseScriptCaches (0ms)
		RebuildScriptCaches (0ms)
		SetupLoadedEditorAssemblies (213ms)
			LogAssemblyErrors (0ms)
			InitializePlatformSupportModulesInManaged (12ms)
			SetLoadedEditorAssemblies (8ms)
			RefreshPlugins (0ms)
			BeforeProcessingInitializeOnLoad (2ms)
			ProcessInitializeOnLoadAttributes (142ms)
			ProcessInitializeOnLoadMethodAttributes (50ms)
			AfterProcessingInitializeOnLoad (0ms)
			EditorAssembliesLoaded (0ms)
		ExecutionOrderSort2 (0ms)
		AwakeInstancesAfterBackupRestoration (0ms)
========================================================================
Worker process is ready to serve import requests
Caller must complete domain reload
Begin MonoManager ReloadAssembly
- Loaded All Assemblies, in  0.945 seconds
Native extension for WindowsStandalone target not found
Package Manager log level set to [2]
[Package Manager] Server::EnsureServerProcessIsRunning -- launch failed, reason: Unity was launched with the -noUpm command-line argument
[Package Manager] UpmClient::Send -- Unable to send message (not connected to UPM process).
[Package Manager] Cannot connect to Unity Package Manager local server
Mono: successfully reloaded assembly
- Finished resetting the current domain, in  0.880 seconds
Domain Reload Profiling: 1817ms
	BeginReloadAssembly (172ms)
		ExecutionOrderSort (0ms)
		DisableScriptedObjects (5ms)
		BackupInstance (0ms)
		ReleaseScriptingObjects (0ms)
		CreateAndSetChildDomain (22ms)
	RebuildCommonClasses (32ms)
	RebuildNativeTypeToScriptingClass (10ms)
	initialDomainReloadingComplete (50ms)
	LoadAllAssembliesAndSetupDomain (673ms)
		LoadAssemblies (454ms)
		RebuildTransferFunctionScriptingTraits (0ms)
		AnalyzeDomain (319ms)
			TypeCache.Refresh (246ms)
				TypeCache.ScanAssembly (222ms)
			ScanForSourceGeneratedMonoScriptInfo (51ms)
			ResolveRequiredComponents (21ms)
	FinalizeReload (880ms)
		ReleaseScriptCaches (0ms)
		RebuildScriptCaches (0ms)
		SetupLoadedEditorAssemblies (676ms)
			LogAssemblyErrors (0ms)
			InitializePlatformSupportModulesInManaged (9ms)
			SetLoadedEditorAssemblies (6ms)
			RefreshPlugins (0ms)
			BeforeProcessingInitializeOnLoad (111ms)
			ProcessInitializeOnLoadAttributes (457ms)
			ProcessInitializeOnLoadMethodAttributes (77ms)
			AfterProcessingInitializeOnLoad (16ms)
			EditorAssembliesLoaded (0ms)
		ExecutionOrderSort2 (0ms)
		AwakeInstancesAfterBackupRestoration (10ms)
Launched and connected shader compiler UnityShaderCompiler.exe after 0.09 seconds
Refreshing native plugins compatible for Editor in 7.97 ms, found 4 plugins.
Preloading 0 native plugins for Editor in 0.00 ms.
Unloading 6209 Unused Serialized files (Serialized files now loaded: 0)
Unloading 37 unused Assets / (346.2 KB). Loaded Objects now: 6685.
Memory consumption went from 230.5 MB to 230.1 MB.
Total: 4.601400 ms (FindLiveObjects: 0.550100 ms CreateObjectMapping: 0.516600 ms MarkObjects: 3.344700 ms  DeleteObjects: 0.188700 ms)

AssetImportParameters requested are different than current active one (requested -> active):
  custom:container-demuxer-ogg: 62fdf1f143b41e24485cea50d1cbac27 -> 
  custom:video-codec-MediaFoundation-h265: e54d7ab0439102e2317fc1e4b246158d -> 
  custom:video-decoder-ogg-theora: a1e56fd34408186e4bbccfd4996cb3dc -> 
  custom:framework-win-MediaFoundation: 216162199b28c13a410421893ffa2e32 -> 
  custom:CustomObjectIndexerAttribute: 72b91833f83ae208fae7752999fa3104 -> 
  custom:container-demuxer-webm: 4f35f7cbe854078d1ac9338744f61a02 -> 
  custom:container-muxer-webm: aa71ff27fc2769a1b78a27578f13a17b -> 
  custom:video-decoder-webm-vp8: 9c59270c3fd7afecdb556c50c9e8de78 -> 
  custom:SearchIndexIgnoredProperties: e643bd26f0fe6173181afceb89e7c659 -> 
  custom:AudioImporter_EditorPlatform: d09bf68614088b80899f8185d706f6e7 -> 
  custom:video-encoder-webm-vp8: eb34c28f22e8b96e1ab97ce403110664 -> 
  custom:audio-decoder-ogg-vorbis: bf7c407c2cedff20999df2af8eb42d56 -> 
  custom:audio-encoder-webm-vorbis: bf7c407c2cedff20999df2af8eb42d56 -> 
========================================================================
Received Prepare
Caller must complete domain reload
Begin MonoManager ReloadAssembly
- Loaded All Assemblies, in  1.340 seconds
Native extension for WindowsStandalone target not found
[Package Manager] Server::EnsureServerProcessIsRunning -- launch failed, reason: Unity was launched with the -noUpm command-line argument
[Package Manager] UpmClient::Send -- Unable to send message (not connected to UPM process).
[Package Manager] Cannot connect to Unity Package Manager local server
Mono: successfully reloaded assembly
- Finished resetting the current domain, in  0.796 seconds
Domain Reload Profiling: 2131ms
	BeginReloadAssembly (894ms)
		ExecutionOrderSort (0ms)
		DisableScriptedObjects (726ms)
		BackupInstance (0ms)
		ReleaseScriptingObjects (0ms)
		CreateAndSetChildDomain (39ms)
	RebuildCommonClasses (38ms)
	RebuildNativeTypeToScriptingClass (11ms)
	initialDomainReloadingComplete (36ms)
	LoadAllAssembliesAndSetupDomain (355ms)
		LoadAssemblies (393ms)
		RebuildTransferFunctionScriptingTraits (0ms)
		AnalyzeDomain (51ms)
			TypeCache.Refresh (12ms)
				TypeCache.ScanAssembly (2ms)
			ScanForSourceGeneratedMonoScriptInfo (28ms)
			ResolveRequiredComponents (10ms)
	FinalizeReload (797ms)
		ReleaseScriptCaches (0ms)
		RebuildScriptCaches (0ms)
		SetupLoadedEditorAssemblies (607ms)
			LogAssemblyErrors (0ms)
			InitializePlatformSupportModulesInManaged (9ms)
			SetLoadedEditorAssemblies (6ms)
			RefreshPlugins (0ms)
			BeforeProcessingInitializeOnLoad (103ms)
			ProcessInitializeOnLoadAttributes (408ms)
			ProcessInitializeOnLoadMethodAttributes (69ms)
			AfterProcessingInitializeOnLoad (13ms)
			EditorAssembliesLoaded (0ms)
		ExecutionOrderSort2 (0ms)
		AwakeInstancesAfterBackupRestoration (16ms)
Refreshing native plugins compatible for Editor in 10.15 ms, found 4 plugins.
Preloading 0 native plugins for Editor in 0.00 ms.
Unloading 6043 Unused Serialized files (Serialized files now loaded: 0)
Unloading 22 unused Assets / (316.5 KB). Loaded Objects now: 6691.
Memory consumption went from 201.5 MB to 201.2 MB.
Total: 4.147300 ms (FindLiveObjects: 0.572400 ms CreateObjectMapping: 0.605000 ms MarkObjects: 2.858500 ms  DeleteObjects: 0.110500 ms)

Prepare: number of updated asset objects reloaded= 0
AssetImportParameters requested are different than current active one (requested -> active):
  custom:container-demuxer-ogg: 62fdf1f143b41e24485cea50d1cbac27 -> 
  custom:video-codec-MediaFoundation-h265: e54d7ab0439102e2317fc1e4b246158d -> 
  custom:video-decoder-ogg-theora: a1e56fd34408186e4bbccfd4996cb3dc -> 
  custom:framework-win-MediaFoundation: 216162199b28c13a410421893ffa2e32 -> 
  custom:CustomObjectIndexerAttribute: 72b91833f83ae208fae7752999fa3104 -> 
  custom:container-demuxer-webm: 4f35f7cbe854078d1ac9338744f61a02 -> 
  custom:container-muxer-webm: aa71ff27fc2769a1b78a27578f13a17b -> 
  custom:video-decoder-webm-vp8: 9c59270c3fd7afecdb556c50c9e8de78 -> 
  custom:SearchIndexIgnoredProperties: e643bd26f0fe6173181afceb89e7c659 -> 
  custom:AudioImporter_EditorPlatform: d09bf68614088b80899f8185d706f6e7 -> 
  custom:video-encoder-webm-vp8: eb34c28f22e8b96e1ab97ce403110664 -> 
  custom:audio-decoder-ogg-vorbis: bf7c407c2cedff20999df2af8eb42d56 -> 
  custom:audio-encoder-webm-vorbis: bf7c407c2cedff20999df2af8eb42d56 -> 
  custom:scripting/precompiled-assembly-types:Assembly-CSharp: 9435510e9c41ae632d1a20ed43164d0e -> e97f3b629959d7f97501995b61389baa
========================================================================
Received Prepare
Caller must complete domain reload
Begin MonoManager ReloadAssembly
- Loaded All Assemblies, in  0.581 seconds
Native extension for WindowsStandalone target not found
[Package Manager] Server::EnsureServerProcessIsRunning -- launch failed, reason: Unity was launched with the -noUpm command-line argument
[Package Manager] UpmClient::Send -- Unable to send message (not connected to UPM process).
[Package Manager] Cannot connect to Unity Package Manager local server
Mono: successfully reloaded assembly
- Finished resetting the current domain, in  1.497 seconds
Domain Reload Profiling: 2069ms
	BeginReloadAssembly (172ms)
		ExecutionOrderSort (0ms)
		DisableScriptedObjects (10ms)
		BackupInstance (0ms)
		ReleaseScriptingObjects (0ms)
		CreateAndSetChildDomain (38ms)
	RebuildCommonClasses (32ms)
	RebuildNativeTypeToScriptingClass (11ms)
	initialDomainReloadingComplete (36ms)
	LoadAllAssembliesAndSetupDomain (323ms)
		LoadAssemblies (394ms)
		RebuildTransferFunctionScriptingTraits (0ms)
		AnalyzeDomain (18ms)
			TypeCache.Refresh (6ms)
				TypeCache.ScanAssembly (0ms)
			ScanForSourceGeneratedMonoScriptInfo (0ms)
			ResolveRequiredComponents (11ms)
	FinalizeReload (1497ms)
		ReleaseScriptCaches (0ms)
		RebuildScriptCaches (0ms)
		SetupLoadedEditorAssemblies (588ms)
			LogAssemblyErrors (0ms)
			InitializePlatformSupportModulesInManaged (11ms)
			SetLoadedEditorAssemblies (6ms)
			RefreshPlugins (0ms)
			BeforeProcessingInitializeOnLoad (101ms)
			ProcessInitializeOnLoadAttributes (391ms)
			ProcessInitializeOnLoadMethodAttributes (66ms)
			AfterProcessingInitializeOnLoad (13ms)
			EditorAssembliesLoaded (0ms)
		ExecutionOrderSort2 (0ms)
		AwakeInstancesAfterBackupRestoration (16ms)
Refreshing native plugins compatible for Editor in 9.49 ms, found 4 plugins.
Preloading 0 native plugins for Editor in 0.00 ms.
Unloading 6043 Unused Serialized files (Serialized files now loaded: 0)
Unloading 22 unused Assets / (316.6 KB). Loaded Objects now: 6696.
Memory consumption went from 201.5 MB to 201.2 MB.
Total: 4.982600 ms (FindLiveObjects: 0.577800 ms CreateObjectMapping: 0.555000 ms MarkObjects: 3.754000 ms  DeleteObjects: 0.094700 ms)

Prepare: number of updated asset objects reloaded= 0
AssetImportParameters requested are different than current active one (requested -> active):
  custom:container-demuxer-ogg: 62fdf1f143b41e24485cea50d1cbac27 -> 
  custom:video-codec-MediaFoundation-h265: e54d7ab0439102e2317fc1e4b246158d -> 
  custom:video-decoder-ogg-theora: a1e56fd34408186e4bbccfd4996cb3dc -> 
  custom:framework-win-MediaFoundation: 216162199b28c13a410421893ffa2e32 -> 
  custom:CustomObjectIndexerAttribute: 72b91833f83ae208fae7752999fa3104 -> 
  custom:container-demuxer-webm: 4f35f7cbe854078d1ac9338744f61a02 -> 
  custom:container-muxer-webm: aa71ff27fc2769a1b78a27578f13a17b -> 
  custom:video-decoder-webm-vp8: 9c59270c3fd7afecdb556c50c9e8de78 -> 
  custom:SearchIndexIgnoredProperties: e643bd26f0fe6173181afceb89e7c659 -> 
  custom:AudioImporter_EditorPlatform: d09bf68614088b80899f8185d706f6e7 -> 
  custom:video-encoder-webm-vp8: eb34c28f22e8b96e1ab97ce403110664 -> 
  custom:audio-decoder-ogg-vorbis: bf7c407c2cedff20999df2af8eb42d56 -> 
  custom:audio-encoder-webm-vorbis: bf7c407c2cedff20999df2af8eb42d56 -> 
  custom:scripting/precompiled-assembly-types:Assembly-CSharp: 9435510e9c41ae632d1a20ed43164d0e -> e97f3b629959d7f97501995b61389baa
========================================================================
Received Prepare
Caller must complete domain reload
Begin MonoManager ReloadAssembly
- Loaded All Assemblies, in  0.600 seconds
Native extension for WindowsStandalone target not found
[Package Manager] Server::EnsureServerProcessIsRunning -- launch failed, reason: Unity was launched with the -noUpm command-line argument
[Package Manager] UpmClient::Send -- Unable to send message (not connected to UPM process).
[Package Manager] Cannot connect to Unity Package Manager local server
Mono: successfully reloaded assembly
- Finished resetting the current domain, in  1.497 seconds
Domain Reload Profiling: 2089ms
	BeginReloadAssembly (175ms)
		ExecutionOrderSort (0ms)
		DisableScriptedObjects (10ms)
		BackupInstance (0ms)
		ReleaseScriptingObjects (0ms)
		CreateAndSetChildDomain (36ms)
	RebuildCommonClasses (37ms)
	RebuildNativeTypeToScriptingClass (13ms)
	initialDomainReloadingComplete (35ms)
	LoadAllAssembliesAndSetupDomain (332ms)
		LoadAssemblies (409ms)
		RebuildTransferFunctionScriptingTraits (0ms)
		AnalyzeDomain (18ms)
			TypeCache.Refresh (6ms)
				TypeCache.ScanAssembly (0ms)
			ScanForSourceGeneratedMonoScriptInfo (0ms)
			ResolveRequiredComponents (11ms)
	FinalizeReload (1497ms)
		ReleaseScriptCaches (0ms)
		RebuildScriptCaches (0ms)
		SetupLoadedEditorAssemblies (584ms)
			LogAssemblyErrors (0ms)
			InitializePlatformSupportModulesInManaged (8ms)
			SetLoadedEditorAssemblies (5ms)
			RefreshPlugins (0ms)
			BeforeProcessingInitializeOnLoad (106ms)
			ProcessInitializeOnLoadAttributes (380ms)
			ProcessInitializeOnLoadMethodAttributes (67ms)
			AfterProcessingInitializeOnLoad (17ms)
			EditorAssembliesLoaded (0ms)
		ExecutionOrderSort2 (0ms)
		AwakeInstancesAfterBackupRestoration (16ms)
Refreshing native plugins compatible for Editor in 9.26 ms, found 4 plugins.
Preloading 0 native plugins for Editor in 0.00 ms.
Unloading 6043 Unused Serialized files (Serialized files now loaded: 0)
Unloading 22 unused Assets / (316.7 KB). Loaded Objects now: 6701.
Memory consumption went from 201.5 MB to 201.2 MB.
Total: 3.669900 ms (FindLiveObjects: 0.450000 ms CreateObjectMapping: 0.442700 ms MarkObjects: 2.678300 ms  DeleteObjects: 0.097800 ms)

Prepare: number of updated asset objects reloaded= 0
AssetImportParameters requested are different than current active one (requested -> active):
  custom:container-demuxer-ogg: 62fdf1f143b41e24485cea50d1cbac27 -> 
  custom:video-codec-MediaFoundation-h265: e54d7ab0439102e2317fc1e4b246158d -> 
  custom:video-decoder-ogg-theora: a1e56fd34408186e4bbccfd4996cb3dc -> 
  custom:framework-win-MediaFoundation: 216162199b28c13a410421893ffa2e32 -> 
  custom:CustomObjectIndexerAttribute: 72b91833f83ae208fae7752999fa3104 -> 
  custom:container-demuxer-webm: 4f35f7cbe854078d1ac9338744f61a02 -> 
  custom:container-muxer-webm: aa71ff27fc2769a1b78a27578f13a17b -> 
  custom:video-decoder-webm-vp8: 9c59270c3fd7afecdb556c50c9e8de78 -> 
  custom:SearchIndexIgnoredProperties: e643bd26f0fe6173181afceb89e7c659 -> 
  custom:AudioImporter_EditorPlatform: d09bf68614088b80899f8185d706f6e7 -> 
  custom:video-encoder-webm-vp8: eb34c28f22e8b96e1ab97ce403110664 -> 
  custom:audio-decoder-ogg-vorbis: bf7c407c2cedff20999df2af8eb42d56 -> 
  custom:audio-encoder-webm-vorbis: bf7c407c2cedff20999df2af8eb42d56 -> 
  custom:scripting/precompiled-assembly-types:Assembly-CSharp: 9435510e9c41ae632d1a20ed43164d0e -> e97f3b629959d7f97501995b61389baa
========================================================================
Received Import Request.
  Time since last request: 32969.346816 seconds.
  path: Assets/Sprites/Friendly/tf_monsters_assetpack/tf_monsters_assetpack/TimeFantasy_Monsters/Battlers/undead.png
  artifactKey: Guid(dc38b37a7aa48924f957b068f63d4a43) Importer(815301076,1909f56bfc062723c751e8b465ee728b)
Start importing Assets/Sprites/Friendly/tf_monsters_assetpack/tf_monsters_assetpack/TimeFantasy_Monsters/Battlers/undead.png using Guid(dc38b37a7aa48924f957b068f63d4a43) Importer(815301076,1909f56bfc062723c751e8b465ee728b) [PhysX] Initialized MultithreadedTaskDispatcher with 16 workers.
[PhysX] Initialized MultithreadedTaskDispatcher with 16 workers.
 -> (artifact id: 'f2af415e51022b2029ff432cf3be059d') in 0.113410 seconds
Number of updated asset objects reloaded before import = 0
Number of asset objects unloaded after import = 3
========================================================================
Received Import Request.
  Time since last request: 0.000026 seconds.
  path: Assets/Sprites/Friendly/tf_monsters_assetpack/tf_monsters_assetpack/TimeFantasy_Monsters/Battlers/wolf2.png
  artifactKey: Guid(05c869b415a8bb2498e29235003d7359) Importer(815301076,1909f56bfc062723c751e8b465ee728b)
Start importing Assets/Sprites/Friendly/tf_monsters_assetpack/tf_monsters_assetpack/TimeFantasy_Monsters/Battlers/wolf2.png using Guid(05c869b415a8bb2498e29235003d7359) Importer(815301076,1909f56bfc062723c751e8b465ee728b) [PhysX] Initialized MultithreadedTaskDispatcher with 16 workers.
[PhysX] Initialized MultithreadedTaskDispatcher with 16 workers.
 -> (artifact id: 'd9b8eebdfc5e90e3ab136c2b933b4bb3') in 0.019047 seconds
Number of updated asset objects reloaded before import = 0
Number of asset objects unloaded after import = 3
========================================================================
Received Import Request.
  Time since last request: 0.000031 seconds.
  path: Assets/LevelDesign/Free Pixel Space Platform Pack/Plants/VioletTree_03.png
  artifactKey: Guid(d7c4331171b8f1d4da407a4bd6d4f8f4) Importer(815301076,1909f56bfc062723c751e8b465ee728b)
Start importing Assets/LevelDesign/Free Pixel Space Platform Pack/Plants/VioletTree_03.png using Guid(d7c4331171b8f1d4da407a4bd6d4f8f4) Importer(815301076,1909f56bfc062723c751e8b465ee728b) [PhysX] Initialized MultithreadedTaskDispatcher with 16 workers.
[PhysX] Initialized MultithreadedTaskDispatcher with 16 workers.
 -> (artifact id: '37d62d3cef80254b30a9b4e2f4eaddee') in 0.016290 seconds
Number of updated asset objects reloaded before import = 0
Number of asset objects unloaded after import = 3
========================================================================
Received Import Request.
  Time since last request: 0.000016 seconds.
  path: Assets/Sprites/Friendly/tf_monsters_assetpack/tf_monsters_assetpack/TimeFantasy_Monsters/Battlers/wolf1.png
  artifactKey: Guid(29183e853f3c85849aa204cd659c1f04) Importer(815301076,1909f56bfc062723c751e8b465ee728b)
Start importing Assets/Sprites/Friendly/tf_monsters_assetpack/tf_monsters_assetpack/TimeFantasy_Monsters/Battlers/wolf1.png using Guid(29183e853f3c85849aa204cd659c1f04) Importer(815301076,1909f56bfc062723c751e8b465ee728b) [PhysX] Initialized MultithreadedTaskDispatcher with 16 workers.
[PhysX] Initialized MultithreadedTaskDispatcher with 16 workers.
 -> (artifact id: '28ecad82ceebc36dc448363793cbdebd') in 0.015787 seconds
Number of updated asset objects reloaded before import = 0
Number of asset objects unloaded after import = 3
========================================================================
Received Import Request.
  Time since last request: 0.000016 seconds.
  path: Assets/Sprites/Friendly/tf_monsters_assetpack/tf_monsters_assetpack/TimeFantasy_Monsters/Battlers/wizard3.png
  artifactKey: Guid(5dee3bd9943fe654a8e76da2a9097761) Importer(815301076,1909f56bfc062723c751e8b465ee728b)
Start importing Assets/Sprites/Friendly/tf_monsters_assetpack/tf_monsters_assetpack/TimeFantasy_Monsters/Battlers/wizard3.png using Guid(5dee3bd9943fe654a8e76da2a9097761) Importer(815301076,1909f56bfc062723c751e8b465ee728b) [PhysX] Initialized MultithreadedTaskDispatcher with 16 workers.
[PhysX] Initialized MultithreadedTaskDispatcher with 16 workers.
 -> (artifact id: 'bb5dff837c148c05e80e540e3e0ce230') in 0.017428 seconds
Number of updated asset objects reloaded before import = 0
Number of asset objects unloaded after import = 3
========================================================================
Received Import Request.
  Time since last request: 0.000015 seconds.
  path: Assets/LevelDesign/Free Pixel Space Platform Pack/Plants/VioletTree_02.png
  artifactKey: Guid(f54556ea2c55aef46af457e96846a98c) Importer(815301076,1909f56bfc062723c751e8b465ee728b)
Start importing Assets/LevelDesign/Free Pixel Space Platform Pack/Plants/VioletTree_02.png using Guid(f54556ea2c55aef46af457e96846a98c) Importer(815301076,1909f56bfc062723c751e8b465ee728b) [PhysX] Initialized MultithreadedTaskDispatcher with 16 workers.
[PhysX] Initialized MultithreadedTaskDispatcher with 16 workers.
 -> (artifact id: 'a64ce6457f1b1876868d19d76fbfce4e') in 0.020127 seconds
Number of updated asset objects reloaded before import = 0
Number of asset objects unloaded after import = 3
========================================================================
Received Import Request.
  Time since last request: 0.000019 seconds.
  path: Assets/Sprites/Friendly/tf_monsters_assetpack/tf_monsters_assetpack/TimeFantasy_Monsters/Battlers/wasp.png
  artifactKey: Guid(3270ccdb6cae723468e711ee1e283be9) Importer(815301076,1909f56bfc062723c751e8b465ee728b)
Start importing Assets/Sprites/Friendly/tf_monsters_assetpack/tf_monsters_assetpack/TimeFantasy_Monsters/Battlers/wasp.png using Guid(3270ccdb6cae723468e711ee1e283be9) Importer(815301076,1909f56bfc062723c751e8b465ee728b) [PhysX] Initialized MultithreadedTaskDispatcher with 16 workers.
[PhysX] Initialized MultithreadedTaskDispatcher with 16 workers.
 -> (artifact id: 'a54f533d78eeb2dd6ba63d62a8448898') in 0.020629 seconds
Number of updated asset objects reloaded before import = 0
Number of asset objects unloaded after import = 3
========================================================================
Received Import Request.
  Time since last request: 0.000015 seconds.
  path: Assets/Sprites/Friendly/tf_monsters_assetpack/tf_monsters_assetpack/TimeFantasy_Monsters/Battlers/wizard4.png
  artifactKey: Guid(10003389b000e534990a87340cc48883) Importer(815301076,1909f56bfc062723c751e8b465ee728b)
Start importing Assets/Sprites/Friendly/tf_monsters_assetpack/tf_monsters_assetpack/TimeFantasy_Monsters/Battlers/wizard4.png using Guid(10003389b000e534990a87340cc48883) Importer(815301076,1909f56bfc062723c751e8b465ee728b) [PhysX] Initialized MultithreadedTaskDispatcher with 16 workers.
[PhysX] Initialized MultithreadedTaskDispatcher with 16 workers.
 -> (artifact id: '536bae9f382a39608404328b386f7bc7') in 0.017695 seconds
Number of updated asset objects reloaded before import = 0
Number of asset objects unloaded after import = 3
========================================================================
Received Import Request.
  Time since last request: 0.000015 seconds.
  path: Assets/Sprites/Friendly/tf_monsters_assetpack/tf_monsters_assetpack/TimeFantasy_Monsters/Battlers/wizard1.png
  artifactKey: Guid(7d93b190573e74147b6fdd9da394ca6b) Importer(815301076,1909f56bfc062723c751e8b465ee728b)
Start importing Assets/Sprites/Friendly/tf_monsters_assetpack/tf_monsters_assetpack/TimeFantasy_Monsters/Battlers/wizard1.png using Guid(7d93b190573e74147b6fdd9da394ca6b) Importer(815301076,1909f56bfc062723c751e8b465ee728b) [PhysX] Initialized MultithreadedTaskDispatcher with 16 workers.
[PhysX] Initialized MultithreadedTaskDispatcher with 16 workers.
 -> (artifact id: '4289b2c05eab089d26d94c2da26843a7') in 0.017291 seconds
Number of updated asset objects reloaded before import = 0
Number of asset objects unloaded after import = 3
========================================================================
Received Import Request.
  Time since last request: 0.000017 seconds.
  path: Assets/Sprites/Friendly/tf_monsters_assetpack/tf_monsters_assetpack/TimeFantasy_Monsters/Battlers/worm.png
  artifactKey: Guid(201ce38b8e056ce4ab0b27575bc908fa) Importer(815301076,1909f56bfc062723c751e8b465ee728b)
Start importing Assets/Sprites/Friendly/tf_monsters_assetpack/tf_monsters_assetpack/TimeFantasy_Monsters/Battlers/worm.png using Guid(201ce38b8e056ce4ab0b27575bc908fa) Importer(815301076,1909f56bfc062723c751e8b465ee728b) [PhysX] Initialized MultithreadedTaskDispatcher with 16 workers.
[PhysX] Initialized MultithreadedTaskDispatcher with 16 workers.
 -> (artifact id: '37ab37995dd5bc961b3baa46fd8b4565') in 0.016057 seconds
Number of updated asset objects reloaded before import = 0
Number of asset objects unloaded after import = 3
========================================================================
Received Import Request.
  Time since last request: 0.000016 seconds.
  path: Assets/LevelDesign/Free Pixel Space Platform Pack/Plants/VioletMushroom_02.png
  artifactKey: Guid(9cd9401400962034eb249e1823bc1917) Importer(815301076,1909f56bfc062723c751e8b465ee728b)
Start importing Assets/LevelDesign/Free Pixel Space Platform Pack/Plants/VioletMushroom_02.png using Guid(9cd9401400962034eb249e1823bc1917) Importer(815301076,1909f56bfc062723c751e8b465ee728b) [PhysX] Initialized MultithreadedTaskDispatcher with 16 workers.
[PhysX] Initialized MultithreadedTaskDispatcher with 16 workers.
 -> (artifact id: '21ebf7408ca0ad4282b39ef637f680a1') in 0.019170 seconds
Number of updated asset objects reloaded before import = 0
Number of asset objects unloaded after import = 3
========================================================================
Received Import Request.
  Time since last request: 0.000023 seconds.
  path: Assets/LevelDesign/Free Pixel Space Platform Pack/Plants/VioletMushroom_01.png
  artifactKey: Guid(91b8dcd8b97f858439485b63a6278b62) Importer(815301076,1909f56bfc062723c751e8b465ee728b)
Start importing Assets/LevelDesign/Free Pixel Space Platform Pack/Plants/VioletMushroom_01.png using Guid(91b8dcd8b97f858439485b63a6278b62) Importer(815301076,1909f56bfc062723c751e8b465ee728b) [PhysX] Initialized MultithreadedTaskDispatcher with 16 workers.
[PhysX] Initialized MultithreadedTaskDispatcher with 16 workers.
 -> (artifact id: '8e9a1b9e6b3cebff454002a3cb06b99e') in 0.020834 seconds
Number of updated asset objects reloaded before import = 0
Number of asset objects unloaded after import = 3
========================================================================
Received Import Request.
  Time since last request: 0.000026 seconds.
  path: Assets/Sprites/Friendly/tf_monsters_assetpack/tf_monsters_assetpack/TimeFantasy_Monsters/Battlers/wizard2.png
  artifactKey: Guid(b1df6260300baaa458e71b862fc69397) Importer(815301076,1909f56bfc062723c751e8b465ee728b)
Start importing Assets/Sprites/Friendly/tf_monsters_assetpack/tf_monsters_assetpack/TimeFantasy_Monsters/Battlers/wizard2.png using Guid(b1df6260300baaa458e71b862fc69397) Importer(815301076,1909f56bfc062723c751e8b465ee728b) [PhysX] Initialized MultithreadedTaskDispatcher with 16 workers.
[PhysX] Initialized MultithreadedTaskDispatcher with 16 workers.
 -> (artifact id: 'e36f56cce479acfc32056defc2e180ae') in 0.015684 seconds
Number of updated asset objects reloaded before import = 0
Number of asset objects unloaded after import = 3
========================================================================
Received Import Request.
  Time since last request: 0.000023 seconds.
  path: Assets/LevelDesign/Free Pixel Space Platform Pack/Plants/VioletTree_01.png
  artifactKey: Guid(0ea2d438142d63f4da9a3d26c09921a0) Importer(815301076,1909f56bfc062723c751e8b465ee728b)
Start importing Assets/LevelDesign/Free Pixel Space Platform Pack/Plants/VioletTree_01.png using Guid(0ea2d438142d63f4da9a3d26c09921a0) Importer(815301076,1909f56bfc062723c751e8b465ee728b) [PhysX] Initialized MultithreadedTaskDispatcher with 16 workers.
[PhysX] Initialized MultithreadedTaskDispatcher with 16 workers.
 -> (artifact id: 'dbc2b7bf502ccb89389a8b466ce7cde6') in 0.017099 seconds
Number of updated asset objects reloaded before import = 0
Number of asset objects unloaded after import = 3
========================================================================
Received Import Request.
  Time since last request: 1.555865 seconds.
  path: Assets/Cainos/Common/Texture/Utils/TX Utils Checker.png
  artifactKey: Guid(9f38ccca1cb4ef644b486a69e9cef663) Importer(815301076,1909f56bfc062723c751e8b465ee728b)
Start importing Assets/Cainos/Common/Texture/Utils/TX Utils Checker.png using Guid(9f38ccca1cb4ef644b486a69e9cef663) Importer(815301076,1909f56bfc062723c751e8b465ee728b) [PhysX] Initialized MultithreadedTaskDispatcher with 16 workers.
[PhysX] Initialized MultithreadedTaskDispatcher with 16 workers.
 -> (artifact id: '04c22c4edcfcff5095a5206ee088ee74') in 0.020950 seconds
Number of updated asset objects reloaded before import = 0
Number of asset objects unloaded after import = 3
========================================================================
Received Import Request.
  Time since last request: 1.535042 seconds.
  path: Assets/Cainos/Pixel Art Platformer - Village Props/Texture/TX FX Torch Flame.png
  artifactKey: Guid(22a56ebdc97997341afdcb2e902b2ee6) Importer(815301076,1909f56bfc062723c751e8b465ee728b)
Start importing Assets/Cainos/Pixel Art Platformer - Village Props/Texture/TX FX Torch Flame.png using Guid(22a56ebdc97997341afdcb2e902b2ee6) Importer(815301076,1909f56bfc062723c751e8b465ee728b) [PhysX] Initialized MultithreadedTaskDispatcher with 16 workers.
[PhysX] Initialized MultithreadedTaskDispatcher with 16 workers.
 -> (artifact id: 'd73caf1f1f18060a7a36bd5331f85f79') in 0.019207 seconds
Number of updated asset objects reloaded before import = 0
Number of asset objects unloaded after import = 3
========================================================================
Received Import Request.
  Time since last request: 0.000025 seconds.
  path: Assets/Cainos/Pixel Art Platformer - Village Props/Texture/TX Chest Animation.png
  artifactKey: Guid(19e07f9d107e445408633f50457d456e) Importer(815301076,1909f56bfc062723c751e8b465ee728b)
Start importing Assets/Cainos/Pixel Art Platformer - Village Props/Texture/TX Chest Animation.png using Guid(19e07f9d107e445408633f50457d456e) Importer(815301076,1909f56bfc062723c751e8b465ee728b) [PhysX] Initialized MultithreadedTaskDispatcher with 16 workers.
[PhysX] Initialized MultithreadedTaskDispatcher with 16 workers.
 -> (artifact id: '29471c0118de05c74d2b854debbde276') in 0.085454 seconds
Number of updated asset objects reloaded before import = 0
Number of asset objects unloaded after import = 30
========================================================================
Received Import Request.
  Time since last request: 0.000018 seconds.
  path: Assets/LevelDesign/Free Pixel Space Platform Pack/Tiles/TileUp.png
  artifactKey: Guid(17e40cecbd93db641ada5f1e038c89ed) Importer(815301076,1909f56bfc062723c751e8b465ee728b)
Start importing Assets/LevelDesign/Free Pixel Space Platform Pack/Tiles/TileUp.png using Guid(17e40cecbd93db641ada5f1e038c89ed) Importer(815301076,1909f56bfc062723c751e8b465ee728b) [PhysX] Initialized MultithreadedTaskDispatcher with 16 workers.
[PhysX] Initialized MultithreadedTaskDispatcher with 16 workers.
 -> (artifact id: '52a4488686eae7a145bc94e4736b2328') in 0.017098 seconds
Number of updated asset objects reloaded before import = 0
Number of asset objects unloaded after import = 3
========================================================================
Received Import Request.
  Time since last request: 0.000031 seconds.
  path: Assets/Level1Design/tiles/Pixel Tiles/Sprites/Tiles Original Size/Tiles_RedCity_Size_Original.png
  artifactKey: Guid(851361d3c76e6f64ba4195b388eae5f8) Importer(815301076,1909f56bfc062723c751e8b465ee728b)
Start importing Assets/Level1Design/tiles/Pixel Tiles/Sprites/Tiles Original Size/Tiles_RedCity_Size_Original.png using Guid(851361d3c76e6f64ba4195b388eae5f8) Importer(815301076,1909f56bfc062723c751e8b465ee728b) [PhysX] Initialized MultithreadedTaskDispatcher with 16 workers.
[PhysX] Initialized MultithreadedTaskDispatcher with 16 workers.
 -> (artifact id: '3adb6c76f4fec6daa4f9af05dfed366c') in 0.033638 seconds
Number of updated asset objects reloaded before import = 0
Number of asset objects unloaded after import = 16
========================================================================
Received Import Request.
  Time since last request: 0.000018 seconds.
  path: Assets/Level1Design/tiles/Pixel Tiles/Sprites/Tiles Original Size/Tiles_Grassland_Size_Original.png
  artifactKey: Guid(4be4cc4f1e06c294ab5dd1319b830a92) Importer(815301076,1909f56bfc062723c751e8b465ee728b)
Start importing Assets/Level1Design/tiles/Pixel Tiles/Sprites/Tiles Original Size/Tiles_Grassland_Size_Original.png using Guid(4be4cc4f1e06c294ab5dd1319b830a92) Importer(815301076,1909f56bfc062723c751e8b465ee728b) [PhysX] Initialized MultithreadedTaskDispatcher with 16 workers.
[PhysX] Initialized MultithreadedTaskDispatcher with 16 workers.
 -> (artifact id: '0eef3972456c660cda8c97860d7f5b12') in 0.056065 seconds
Number of updated asset objects reloaded before import = 0
Number of asset objects unloaded after import = 26
========================================================================
Received Import Request.
  Time since last request: 0.000021 seconds.
  path: Assets/Level1Design/tiles/Pixel Tiles/Sprites/Tiles 500% Larger/Tiles_RedCity_Size_500_Percent.png
  artifactKey: Guid(d2f8702ea509bc747a43bef48934aa66) Importer(815301076,1909f56bfc062723c751e8b465ee728b)
Start importing Assets/Level1Design/tiles/Pixel Tiles/Sprites/Tiles 500% Larger/Tiles_RedCity_Size_500_Percent.png using Guid(d2f8702ea509bc747a43bef48934aa66) Importer(815301076,1909f56bfc062723c751e8b465ee728b) [PhysX] Initialized MultithreadedTaskDispatcher with 16 workers.
[PhysX] Initialized MultithreadedTaskDispatcher with 16 workers.
 -> (artifact id: '410f36eb40a3a339a216dd8f12aafd70') in 0.041056 seconds
Number of updated asset objects reloaded before import = 0
Number of asset objects unloaded after import = 16
========================================================================
Received Import Request.
  Time since last request: 0.000017 seconds.
  path: Assets/Sprites/Friendly/tf_monsters_assetpack/tf_monsters_assetpack/TimeFantasy_Monsters/Battlers/orc6.png
  artifactKey: Guid(2df9c284ff81a4b4d9c7463c58169033) Importer(815301076,1909f56bfc062723c751e8b465ee728b)
Start importing Assets/Sprites/Friendly/tf_monsters_assetpack/tf_monsters_assetpack/TimeFantasy_Monsters/Battlers/orc6.png using Guid(2df9c284ff81a4b4d9c7463c58169033) Importer(815301076,1909f56bfc062723c751e8b465ee728b) [PhysX] Initialized MultithreadedTaskDispatcher with 16 workers.
[PhysX] Initialized MultithreadedTaskDispatcher with 16 workers.
 -> (artifact id: '33bec1aba9e94b083a4cd09148413c72') in 0.018729 seconds
Number of updated asset objects reloaded before import = 0
Number of asset objects unloaded after import = 3
========================================================================
Received Import Request.
  Time since last request: 0.000019 seconds.
  path: Assets/MapFolder/Planet1.png
  artifactKey: Guid(6fa974def6155524fa5a1b5bd4ae2de9) Importer(815301076,1909f56bfc062723c751e8b465ee728b)
Start importing Assets/MapFolder/Planet1.png using Guid(6fa974def6155524fa5a1b5bd4ae2de9) Importer(815301076,1909f56bfc062723c751e8b465ee728b) [PhysX] Initialized MultithreadedTaskDispatcher with 16 workers.
[PhysX] Initialized MultithreadedTaskDispatcher with 16 workers.
 -> (artifact id: '80c07927e7c428d67d52c8807bb4f181') in 0.017808 seconds
Number of updated asset objects reloaded before import = 0
Number of asset objects unloaded after import = 3
========================================================================
Received Import Request.
  Time since last request: 0.000022 seconds.
  path: Assets/LevelDesign/Free Pixel Space Platform Pack/Platforms/Platform_01.png
  artifactKey: Guid(d5a5a095533998846bf0837cde435e5d) Importer(815301076,1909f56bfc062723c751e8b465ee728b)
Start importing Assets/LevelDesign/Free Pixel Space Platform Pack/Platforms/Platform_01.png using Guid(d5a5a095533998846bf0837cde435e5d) Importer(815301076,1909f56bfc062723c751e8b465ee728b) [PhysX] Initialized MultithreadedTaskDispatcher with 16 workers.
[PhysX] Initialized MultithreadedTaskDispatcher with 16 workers.
 -> (artifact id: '68f8b77ae15a46503ccd36cb4d360a77') in 0.016022 seconds
Number of updated asset objects reloaded before import = 0
Number of asset objects unloaded after import = 3
========================================================================
Received Import Request.
  Time since last request: 0.000019 seconds.
  path: Assets/LevelDesign/Free Pixel Space Platform Pack/Lever/LeverDown.png
  artifactKey: Guid(53fe5536596828e4d825b293ed6fa148) Importer(815301076,1909f56bfc062723c751e8b465ee728b)
Start importing Assets/LevelDesign/Free Pixel Space Platform Pack/Lever/LeverDown.png using Guid(53fe5536596828e4d825b293ed6fa148) Importer(815301076,1909f56bfc062723c751e8b465ee728b) [PhysX] Initialized MultithreadedTaskDispatcher with 16 workers.
[PhysX] Initialized MultithreadedTaskDispatcher with 16 workers.
 -> (artifact id: '4bc03dd5fdf5adc67df68f34abfb791d') in 0.017682 seconds
Number of updated asset objects reloaded before import = 0
Number of asset objects unloaded after import = 3
========================================================================
Received Import Request.
  Time since last request: 0.000024 seconds.
  path: Assets/Sprites/Friendly/tf_monsters_assetpack/tf_monsters_assetpack/TimeFantasy_Monsters/Battlers/orc14.png
  artifactKey: Guid(f948f43993eca3e43881fb137198020e) Importer(815301076,1909f56bfc062723c751e8b465ee728b)
Start importing Assets/Sprites/Friendly/tf_monsters_assetpack/tf_monsters_assetpack/TimeFantasy_Monsters/Battlers/orc14.png using Guid(f948f43993eca3e43881fb137198020e) Importer(815301076,1909f56bfc062723c751e8b465ee728b) [PhysX] Initialized MultithreadedTaskDispatcher with 16 workers.
[PhysX] Initialized MultithreadedTaskDispatcher with 16 workers.
 -> (artifact id: '407678f32c2f9b6e41f5f81fd425f42a') in 0.016461 seconds
Number of updated asset objects reloaded before import = 0
Number of asset objects unloaded after import = 3
========================================================================
Received Import Request.
  Time since last request: 0.000016 seconds.
  path: Assets/LevelDesign/Free Pixel Space Platform Pack/Tiles/RightSteps.png
  artifactKey: Guid(fe3f133074dcf2a4b9f89535360ad89f) Importer(815301076,1909f56bfc062723c751e8b465ee728b)
Start importing Assets/LevelDesign/Free Pixel Space Platform Pack/Tiles/RightSteps.png using Guid(fe3f133074dcf2a4b9f89535360ad89f) Importer(815301076,1909f56bfc062723c751e8b465ee728b) [PhysX] Initialized MultithreadedTaskDispatcher with 16 workers.
[PhysX] Initialized MultithreadedTaskDispatcher with 16 workers.
 -> (artifact id: '8ae426fe497f886850a231e72a058b48') in 0.021402 seconds
Number of updated asset objects reloaded before import = 0
Number of asset objects unloaded after import = 3
========================================================================
Received Import Request.
  Time since last request: 0.000018 seconds.
  path: Assets/MapFolder/plain_starfield_1.png
  artifactKey: Guid(303d1cf8adc671e40b8eda42a7632f40) Importer(815301076,1909f56bfc062723c751e8b465ee728b)
Start importing Assets/MapFolder/plain_starfield_1.png using Guid(303d1cf8adc671e40b8eda42a7632f40) Importer(815301076,1909f56bfc062723c751e8b465ee728b) [PhysX] Initialized MultithreadedTaskDispatcher with 16 workers.
[PhysX] Initialized MultithreadedTaskDispatcher with 16 workers.
 -> (artifact id: '51294e0e87c5ded03888fef1652d2fe9') in 0.020015 seconds
Number of updated asset objects reloaded before import = 0
Number of asset objects unloaded after import = 3
========================================================================
Received Import Request.
  Time since last request: 0.000027 seconds.
  path: Assets/Sprites/Friendly/tf_monsters_assetpack/tf_monsters_assetpack/TimeFantasy_Monsters/Battlers/crocodile.png
  artifactKey: Guid(2f0a8bf6304063f469bbfb2f82c05ced) Importer(815301076,1909f56bfc062723c751e8b465ee728b)
Start importing Assets/Sprites/Friendly/tf_monsters_assetpack/tf_monsters_assetpack/TimeFantasy_Monsters/Battlers/crocodile.png using Guid(2f0a8bf6304063f469bbfb2f82c05ced) Importer(815301076,1909f56bfc062723c751e8b465ee728b) [PhysX] Initialized MultithreadedTaskDispatcher with 16 workers.
[PhysX] Initialized MultithreadedTaskDispatcher with 16 workers.
 -> (artifact id: '5ac344571ac72a21fac3bc2ef4601b34') in 0.015865 seconds
Number of updated asset objects reloaded before import = 0
Number of asset objects unloaded after import = 3
========================================================================
Received Import Request.
  Time since last request: 0.000018 seconds.
  path: Assets/LevelDesign/Free Pixel Space Platform Pack/Lever/LeverUp.png
  artifactKey: Guid(d002eee2b7a4ced4d82149a2f764a3b6) Importer(815301076,1909f56bfc062723c751e8b465ee728b)
Start importing Assets/LevelDesign/Free Pixel Space Platform Pack/Lever/LeverUp.png using Guid(d002eee2b7a4ced4d82149a2f764a3b6) Importer(815301076,1909f56bfc062723c751e8b465ee728b) [PhysX] Initialized MultithreadedTaskDispatcher with 16 workers.
[PhysX] Initialized MultithreadedTaskDispatcher with 16 workers.
 -> (artifact id: '080d24f28c1a512a374f639221654f3c') in 0.017387 seconds
Number of updated asset objects reloaded before import = 0
Number of asset objects unloaded after import = 3
========================================================================
Received Import Request.
  Time since last request: 0.000022 seconds.
  path: Assets/Sprites/Friendly/tf_monsters_assetpack/tf_monsters_assetpack/TimeFantasy_Monsters/Battlers/orc10.png
  artifactKey: Guid(39ec62a025d80db41b68cc5028b2a7f7) Importer(815301076,1909f56bfc062723c751e8b465ee728b)
Start importing Assets/Sprites/Friendly/tf_monsters_assetpack/tf_monsters_assetpack/TimeFantasy_Monsters/Battlers/orc10.png using Guid(39ec62a025d80db41b68cc5028b2a7f7) Importer(815301076,1909f56bfc062723c751e8b465ee728b) [PhysX] Initialized MultithreadedTaskDispatcher with 16 workers.
[PhysX] Initialized MultithreadedTaskDispatcher with 16 workers.
 -> (artifact id: '97fccb51e07b1932fa0a6fdb9244db8b') in 0.019347 seconds
Number of updated asset objects reloaded before import = 0
Number of asset objects unloaded after import = 3
========================================================================
Received Import Request.
  Time since last request: 0.000017 seconds.
  path: Assets/Sprites/Friendly/tf_monsters_assetpack/tf_monsters_assetpack/TimeFantasy_Monsters/Battlers/orc9.png
  artifactKey: Guid(9df54989e5d1fdf47b0ccd3fbda7c2cc) Importer(815301076,1909f56bfc062723c751e8b465ee728b)
Start importing Assets/Sprites/Friendly/tf_monsters_assetpack/tf_monsters_assetpack/TimeFantasy_Monsters/Battlers/orc9.png using Guid(9df54989e5d1fdf47b0ccd3fbda7c2cc) Importer(815301076,1909f56bfc062723c751e8b465ee728b) [PhysX] Initialized MultithreadedTaskDispatcher with 16 workers.
[PhysX] Initialized MultithreadedTaskDispatcher with 16 workers.
 -> (artifact id: 'd6ed0d6df87538911cf3336976f98bb6') in 0.018214 seconds
Number of updated asset objects reloaded before import = 0
Number of asset objects unloaded after import = 3
========================================================================
Received Import Request.
  Time since last request: 0.000023 seconds.
  path: Assets/Sprites/Friendly/tf_monsters_assetpack/tf_monsters_assetpack/TimeFantasy_Monsters/Battlers/bird1.png
  artifactKey: Guid(6c9aa4d9dbe793e42ae24dced348bcc8) Importer(815301076,1909f56bfc062723c751e8b465ee728b)
Start importing Assets/Sprites/Friendly/tf_monsters_assetpack/tf_monsters_assetpack/TimeFantasy_Monsters/Battlers/bird1.png using Guid(6c9aa4d9dbe793e42ae24dced348bcc8) Importer(815301076,1909f56bfc062723c751e8b465ee728b) [PhysX] Initialized MultithreadedTaskDispatcher with 16 workers.
[PhysX] Initialized MultithreadedTaskDispatcher with 16 workers.
 -> (artifact id: '62c9f33806c1a941a06b08a4e51c0876') in 0.016496 seconds
Number of updated asset objects reloaded before import = 0
Number of asset objects unloaded after import = 3
========================================================================
Received Import Request.
  Time since last request: 0.000019 seconds.
  path: Assets/Sprites/Friendly/tf_monsters_assetpack/tf_monsters_assetpack/TimeFantasy_Monsters/Battlers/orc2.png
  artifactKey: Guid(bf803f29948313147846cd0208f824d5) Importer(815301076,1909f56bfc062723c751e8b465ee728b)
Start importing Assets/Sprites/Friendly/tf_monsters_assetpack/tf_monsters_assetpack/TimeFantasy_Monsters/Battlers/orc2.png using Guid(bf803f29948313147846cd0208f824d5) Importer(815301076,1909f56bfc062723c751e8b465ee728b) [PhysX] Initialized MultithreadedTaskDispatcher with 16 workers.
[PhysX] Initialized MultithreadedTaskDispatcher with 16 workers.
 -> (artifact id: 'd89ad1c16eb7eb06876ded765210be32') in 0.016038 seconds
Number of updated asset objects reloaded before import = 0
Number of asset objects unloaded after import = 3
========================================================================
Received Import Request.
  Time since last request: 0.000033 seconds.
  path: Assets/Sprites/Friendly/tf_monsters_assetpack/tf_monsters_assetpack/TimeFantasy_Monsters/Battlers/bat1.png
  artifactKey: Guid(ed5cdd53d1400f34aa9be64f403c4709) Importer(815301076,1909f56bfc062723c751e8b465ee728b)
Start importing Assets/Sprites/Friendly/tf_monsters_assetpack/tf_monsters_assetpack/TimeFantasy_Monsters/Battlers/bat1.png using Guid(ed5cdd53d1400f34aa9be64f403c4709) Importer(815301076,1909f56bfc062723c751e8b465ee728b) [PhysX] Initialized MultithreadedTaskDispatcher with 16 workers.
[PhysX] Initialized MultithreadedTaskDispatcher with 16 workers.
 -> (artifact id: '928115c5e3e1ebca5a553534acd5b1de') in 0.016098 seconds
Number of updated asset objects reloaded before import = 0
Number of asset objects unloaded after import = 3
========================================================================
Received Import Request.
  Time since last request: 0.000016 seconds.
  path: Assets/LevelDesign/Free Pixel Space Platform Pack/Astronaut/AstroStay.png
  artifactKey: Guid(7147553b1e72eec449c5ace4f9f4d13a) Importer(815301076,1909f56bfc062723c751e8b465ee728b)
Start importing Assets/LevelDesign/Free Pixel Space Platform Pack/Astronaut/AstroStay.png using Guid(7147553b1e72eec449c5ace4f9f4d13a) Importer(815301076,1909f56bfc062723c751e8b465ee728b) [PhysX] Initialized MultithreadedTaskDispatcher with 16 workers.
[PhysX] Initialized MultithreadedTaskDispatcher with 16 workers.
 -> (artifact id: 'b01f0e3bb24baf1185b9fc954b84ab7a') in 0.016170 seconds
Number of updated asset objects reloaded before import = 0
Number of asset objects unloaded after import = 3
========================================================================
Received Import Request.
  Time since last request: 0.000024 seconds.
  path: Assets/LevelDesign/Free Pixel Space Platform Pack/Boxes/Box_01.png
  artifactKey: Guid(1470a8da87de4eb44966e953ef10b55e) Importer(815301076,1909f56bfc062723c751e8b465ee728b)
Start importing Assets/LevelDesign/Free Pixel Space Platform Pack/Boxes/Box_01.png using Guid(1470a8da87de4eb44966e953ef10b55e) Importer(815301076,1909f56bfc062723c751e8b465ee728b) [PhysX] Initialized MultithreadedTaskDispatcher with 16 workers.
[PhysX] Initialized MultithreadedTaskDispatcher with 16 workers.
 -> (artifact id: 'c01305a52097242b4bf04a73c60d8371') in 0.015806 seconds
Number of updated asset objects reloaded before import = 0
Number of asset objects unloaded after import = 3
========================================================================
Received Import Request.
  Time since last request: 0.000016 seconds.
  path: Assets/Sprites/Friendly/tf_monsters_assetpack/tf_monsters_assetpack/TimeFantasy_Monsters/Battlers/orc7.png
  artifactKey: Guid(8fdb231d0fbddbe4cb34fbdeb1d4f0b4) Importer(815301076,1909f56bfc062723c751e8b465ee728b)
Start importing Assets/Sprites/Friendly/tf_monsters_assetpack/tf_monsters_assetpack/TimeFantasy_Monsters/Battlers/orc7.png using Guid(8fdb231d0fbddbe4cb34fbdeb1d4f0b4) Importer(815301076,1909f56bfc062723c751e8b465ee728b) [PhysX] Initialized MultithreadedTaskDispatcher with 16 workers.
[PhysX] Initialized MultithreadedTaskDispatcher with 16 workers.
 -> (artifact id: 'e940accf4b44d8193c0283bd6c38386c') in 0.015913 seconds
Number of updated asset objects reloaded before import = 0
Number of asset objects unloaded after import = 3
========================================================================
Received Import Request.
  Time since last request: 0.000015 seconds.
  path: Assets/Sprites/Friendly/tf_monsters_assetpack/tf_monsters_assetpack/TimeFantasy_Monsters/Battlers/bat2.png
  artifactKey: Guid(ddffba290527e00459c674837f171fa5) Importer(815301076,1909f56bfc062723c751e8b465ee728b)
Start importing Assets/Sprites/Friendly/tf_monsters_assetpack/tf_monsters_assetpack/TimeFantasy_Monsters/Battlers/bat2.png using Guid(ddffba290527e00459c674837f171fa5) Importer(815301076,1909f56bfc062723c751e8b465ee728b) [PhysX] Initialized MultithreadedTaskDispatcher with 16 workers.
[PhysX] Initialized MultithreadedTaskDispatcher with 16 workers.
 -> (artifact id: '5791a407c85cd347bda769c8b6bf6268') in 0.016969 seconds
Number of updated asset objects reloaded before import = 0
Number of asset objects unloaded after import = 3
========================================================================
Received Import Request.
  Time since last request: 0.000016 seconds.
  path: Assets/MapFolder/pixelart_starfield.png
  artifactKey: Guid(e22ef0baf65171646a361204e0e1e31d) Importer(815301076,1909f56bfc062723c751e8b465ee728b)
Start importing Assets/MapFolder/pixelart_starfield.png using Guid(e22ef0baf65171646a361204e0e1e31d) Importer(815301076,1909f56bfc062723c751e8b465ee728b) [PhysX] Initialized MultithreadedTaskDispatcher with 16 workers.
[PhysX] Initialized MultithreadedTaskDispatcher with 16 workers.
 -> (artifact id: '9a1fe260fe98f3eb84967250dc046ca2') in 0.016709 seconds
Number of updated asset objects reloaded before import = 0
Number of asset objects unloaded after import = 3
========================================================================
Received Import Request.
  Time since last request: 0.000027 seconds.
  path: Assets/MapFolder/bcg1@2x.png
  artifactKey: Guid(f636a126f10348e46aa2984b830487dd) Importer(815301076,1909f56bfc062723c751e8b465ee728b)
Start importing Assets/MapFolder/bcg1@2x.png using Guid(f636a126f10348e46aa2984b830487dd) Importer(815301076,1909f56bfc062723c751e8b465ee728b) [PhysX] Initialized MultithreadedTaskDispatcher with 16 workers.
[PhysX] Initialized MultithreadedTaskDispatcher with 16 workers.
 -> (artifact id: '8144a43ea1458d8e832468823b7d1705') in 0.023216 seconds
Number of updated asset objects reloaded before import = 0
Number of asset objects unloaded after import = 3
========================================================================
Received Import Request.
  Time since last request: 0.000023 seconds.
  path: Assets/Sprites/Friendly/tf_monsters_assetpack/tf_monsters_assetpack/TimeFantasy_Monsters/Battlers/boar.png
  artifactKey: Guid(a4fb34a17e878c8479b819619ad096d2) Importer(815301076,1909f56bfc062723c751e8b465ee728b)
Start importing Assets/Sprites/Friendly/tf_monsters_assetpack/tf_monsters_assetpack/TimeFantasy_Monsters/Battlers/boar.png using Guid(a4fb34a17e878c8479b819619ad096d2) Importer(815301076,1909f56bfc062723c751e8b465ee728b) [PhysX] Initialized MultithreadedTaskDispatcher with 16 workers.
[PhysX] Initialized MultithreadedTaskDispatcher with 16 workers.
 -> (artifact id: 'f929f34b5cb48668528eaf10f96e7e4e') in 0.016763 seconds
Number of updated asset objects reloaded before import = 0
Number of asset objects unloaded after import = 3
========================================================================
Received Import Request.
  Time since last request: 0.000028 seconds.
  path: Assets/MapFolder/Planet4.png
  artifactKey: Guid(10c7a04889e93c3488730f3faca5dd1a) Importer(815301076,1909f56bfc062723c751e8b465ee728b)
Start importing Assets/MapFolder/Planet4.png using Guid(10c7a04889e93c3488730f3faca5dd1a) Importer(815301076,1909f56bfc062723c751e8b465ee728b) [PhysX] Initialized MultithreadedTaskDispatcher with 16 workers.
[PhysX] Initialized MultithreadedTaskDispatcher with 16 workers.
 -> (artifact id: 'b72f6907f280948f2451d0f776e03d75') in 0.015726 seconds
Number of updated asset objects reloaded before import = 0
Number of asset objects unloaded after import = 3
========================================================================
Received Import Request.
  Time since last request: 0.000018 seconds.
  path: Assets/LevelDesign/Free Pixel Space Platform Pack/Portal/PortalOff.png
  artifactKey: Guid(ecb1aaf3f627cd44e80d674bfd9228f2) Importer(815301076,1909f56bfc062723c751e8b465ee728b)
Start importing Assets/LevelDesign/Free Pixel Space Platform Pack/Portal/PortalOff.png using Guid(ecb1aaf3f627cd44e80d674bfd9228f2) Importer(815301076,1909f56bfc062723c751e8b465ee728b) [PhysX] Initialized MultithreadedTaskDispatcher with 16 workers.
[PhysX] Initialized MultithreadedTaskDispatcher with 16 workers.
 -> (artifact id: '6b3cc830169dd8a0d6bc4aa3f6df7eb3') in 0.019348 seconds
Number of updated asset objects reloaded before import = 0
Number of asset objects unloaded after import = 3
========================================================================
Received Import Request.
  Time since last request: 0.000037 seconds.
  path: Assets/LevelDesign/Background/blue_nebulae_1.png
  artifactKey: Guid(9f69fbad21788cc41aef2efec93186b8) Importer(815301076,1909f56bfc062723c751e8b465ee728b)
Start importing Assets/LevelDesign/Background/blue_nebulae_1.png using Guid(9f69fbad21788cc41aef2efec93186b8) Importer(815301076,1909f56bfc062723c751e8b465ee728b) [PhysX] Initialized MultithreadedTaskDispatcher with 16 workers.
[PhysX] Initialized MultithreadedTaskDispatcher with 16 workers.
 -> (artifact id: 'b62e2d06e51852bb68355d4476f6ad36') in 0.018305 seconds
Number of updated asset objects reloaded before import = 0
Number of asset objects unloaded after import = 3
========================================================================
Received Import Request.
  Time since last request: 0.000016 seconds.
  path: Assets/Level1Design/tiles/Pixel Tiles/Sprites/Tiles 1000% Larger/Tiles_RedCity_Size_1000_Percent.png
  artifactKey: Guid(00242228e3be2714a89413f6eb9b80de) Importer(815301076,1909f56bfc062723c751e8b465ee728b)
Start importing Assets/Level1Design/tiles/Pixel Tiles/Sprites/Tiles 1000% Larger/Tiles_RedCity_Size_1000_Percent.png using Guid(00242228e3be2714a89413f6eb9b80de) Importer(815301076,1909f56bfc062723c751e8b465ee728b) [PhysX] Initialized MultithreadedTaskDispatcher with 16 workers.
[PhysX] Initialized MultithreadedTaskDispatcher with 16 workers.
 -> (artifact id: '1bc0827a1e3164ccbbd06c2b945922eb') in 0.045738 seconds
Number of updated asset objects reloaded before import = 0
Number of asset objects unloaded after import = 16
========================================================================
Received Import Request.
  Time since last request: 0.000022 seconds.
  path: Assets/MapFolder/Planet2.png
  artifactKey: Guid(ea999a1afac4754438d645b6920df71d) Importer(815301076,1909f56bfc062723c751e8b465ee728b)
Start importing Assets/MapFolder/Planet2.png using Guid(ea999a1afac4754438d645b6920df71d) Importer(815301076,1909f56bfc062723c751e8b465ee728b) [PhysX] Initialized MultithreadedTaskDispatcher with 16 workers.
[PhysX] Initialized MultithreadedTaskDispatcher with 16 workers.
 -> (artifact id: 'bb9b0de39fc08cffcc94bf8b5a16532d') in 0.014004 seconds
Number of updated asset objects reloaded before import = 0
Number of asset objects unloaded after import = 3
========================================================================
Received Import Request.
  Time since last request: 0.000022 seconds.
  path: Assets/Sprites/Friendly/tf_monsters_assetpack/tf_monsters_assetpack/TimeFantasy_Monsters/Battlers/raptor1.png
  artifactKey: Guid(8234fc04e0bf74d42a4db940946399ac) Importer(815301076,1909f56bfc062723c751e8b465ee728b)
Start importing Assets/Sprites/Friendly/tf_monsters_assetpack/tf_monsters_assetpack/TimeFantasy_Monsters/Battlers/raptor1.png using Guid(8234fc04e0bf74d42a4db940946399ac) Importer(815301076,1909f56bfc062723c751e8b465ee728b) [PhysX] Initialized MultithreadedTaskDispatcher with 16 workers.
[PhysX] Initialized MultithreadedTaskDispatcher with 16 workers.
 -> (artifact id: '53fe57dbb1b2731de79293771e34ffc7') in 0.016123 seconds
Number of updated asset objects reloaded before import = 0
Number of asset objects unloaded after import = 3
========================================================================
Received Import Request.
  Time since last request: 0.000015 seconds.
  path: Assets/Sprites/Friendly/tf_monsters_assetpack/tf_monsters_assetpack/TimeFantasy_Monsters/Battlers/orc8.png
  artifactKey: Guid(bcba558c6c97cb64897427521fc11081) Importer(815301076,1909f56bfc062723c751e8b465ee728b)
Start importing Assets/Sprites/Friendly/tf_monsters_assetpack/tf_monsters_assetpack/TimeFantasy_Monsters/Battlers/orc8.png using Guid(bcba558c6c97cb64897427521fc11081) Importer(815301076,1909f56bfc062723c751e8b465ee728b) [PhysX] Initialized MultithreadedTaskDispatcher with 16 workers.
[PhysX] Initialized MultithreadedTaskDispatcher with 16 workers.
 -> (artifact id: '05cc44c19eb91e53c57f83193d6a30b7') in 0.018113 seconds
Number of updated asset objects reloaded before import = 0
Number of asset objects unloaded after import = 3
========================================================================
Received Import Request.
  Time since last request: 0.000015 seconds.
  path: Assets/Sprites/Friendly/tf_monsters_assetpack/tf_monsters_assetpack/TimeFantasy_Monsters/Battlers/orc1.png
  artifactKey: Guid(020bc01e8651d73489c703a0c9bc4486) Importer(815301076,1909f56bfc062723c751e8b465ee728b)
Start importing Assets/Sprites/Friendly/tf_monsters_assetpack/tf_monsters_assetpack/TimeFantasy_Monsters/Battlers/orc1.png using Guid(020bc01e8651d73489c703a0c9bc4486) Importer(815301076,1909f56bfc062723c751e8b465ee728b) [PhysX] Initialized MultithreadedTaskDispatcher with 16 workers.
[PhysX] Initialized MultithreadedTaskDispatcher with 16 workers.
 -> (artifact id: '84854cdcf89787cd00be7b3280061bbf') in 0.016744 seconds
Number of updated asset objects reloaded before import = 0
Number of asset objects unloaded after import = 3
========================================================================
Received Import Request.
  Time since last request: 0.000016 seconds.
  path: Assets/MapFolder/bcg1.png
  artifactKey: Guid(ab6e106c7c0a7564685667e321229f2a) Importer(815301076,1909f56bfc062723c751e8b465ee728b)
Start importing Assets/MapFolder/bcg1.png using Guid(ab6e106c7c0a7564685667e321229f2a) Importer(815301076,1909f56bfc062723c751e8b465ee728b) [PhysX] Initialized MultithreadedTaskDispatcher with 16 workers.
[PhysX] Initialized MultithreadedTaskDispatcher with 16 workers.
 -> (artifact id: 'f37af0a79af257023431c4d5e9ea33e6') in 0.015037 seconds
Number of updated asset objects reloaded before import = 0
Number of asset objects unloaded after import = 3
========================================================================
Received Import Request.
  Time since last request: 0.000019 seconds.
  path: Assets/Sprites/Friendly/tf_monsters_assetpack/tf_monsters_assetpack/TimeFantasy_Monsters/Battlers/bird2.png
  artifactKey: Guid(860ec3905ac421b43a6863a8bd809354) Importer(815301076,1909f56bfc062723c751e8b465ee728b)
Start importing Assets/Sprites/Friendly/tf_monsters_assetpack/tf_monsters_assetpack/TimeFantasy_Monsters/Battlers/bird2.png using Guid(860ec3905ac421b43a6863a8bd809354) Importer(815301076,1909f56bfc062723c751e8b465ee728b) [PhysX] Initialized MultithreadedTaskDispatcher with 16 workers.
[PhysX] Initialized MultithreadedTaskDispatcher with 16 workers.
 -> (artifact id: '0b452e426f5192ebdd778b1b9411d0ef') in 0.017462 seconds
Number of updated asset objects reloaded before import = 0
Number of asset objects unloaded after import = 3
========================================================================
Received Import Request.
  Time since last request: 0.000020 seconds.
  path: Assets/Level1Design/tiles/Pixel Tiles/Sprites/Tiles 2000% Larger/Tiles_Grassland_Size_2000_Percent.png
  artifactKey: Guid(901e466a3a8757a41adc4673fb1655be) Importer(815301076,1909f56bfc062723c751e8b465ee728b)
Start importing Assets/Level1Design/tiles/Pixel Tiles/Sprites/Tiles 2000% Larger/Tiles_Grassland_Size_2000_Percent.png using Guid(901e466a3a8757a41adc4673fb1655be) Importer(815301076,1909f56bfc062723c751e8b465ee728b) [PhysX] Initialized MultithreadedTaskDispatcher with 16 workers.
[PhysX] Initialized MultithreadedTaskDispatcher with 16 workers.
 -> (artifact id: 'b40a9dc1b752c9e54d004a82b9e432c6') in 0.067756 seconds
Number of updated asset objects reloaded before import = 0
Number of asset objects unloaded after import = 26
========================================================================
Received Import Request.
  Time since last request: 0.000025 seconds.
  path: Assets/MapFolder/pixelart_starfield_diagonal_diffraction_spikes.png
  artifactKey: Guid(2913b3a836a99074b810184638571a22) Importer(815301076,1909f56bfc062723c751e8b465ee728b)
Start importing Assets/MapFolder/pixelart_starfield_diagonal_diffraction_spikes.png using Guid(2913b3a836a99074b810184638571a22) Importer(815301076,1909f56bfc062723c751e8b465ee728b) [PhysX] Initialized MultithreadedTaskDispatcher with 16 workers.
[PhysX] Initialized MultithreadedTaskDispatcher with 16 workers.
 -> (artifact id: 'fcec740e1b5ee4b72d295b1a6bd4587f') in 0.016909 seconds
Number of updated asset objects reloaded before import = 0
Number of asset objects unloaded after import = 3
========================================================================
Received Import Request.
  Time since last request: 0.000020 seconds.
  path: Assets/MapFolder/Baren.png
  artifactKey: Guid(69d9d7b8b55988f4aa99302b9ca8b97c) Importer(815301076,1909f56bfc062723c751e8b465ee728b)
Start importing Assets/MapFolder/Baren.png using Guid(69d9d7b8b55988f4aa99302b9ca8b97c) Importer(815301076,1909f56bfc062723c751e8b465ee728b) [PhysX] Initialized MultithreadedTaskDispatcher with 16 workers.
[PhysX] Initialized MultithreadedTaskDispatcher with 16 workers.
 -> (artifact id: 'ba7c365c4da3c29c6b9d43f203e83823') in 0.021655 seconds
Number of updated asset objects reloaded before import = 0
Number of asset objects unloaded after import = 3
========================================================================
Received Import Request.
  Time since last request: 0.000018 seconds.
  path: Assets/MapFolder/Button Active.png
  artifactKey: Guid(9b9a64e2c51ce2e4a8f1b98dcf41e469) Importer(815301076,1909f56bfc062723c751e8b465ee728b)
Start importing Assets/MapFolder/Button Active.png using Guid(9b9a64e2c51ce2e4a8f1b98dcf41e469) Importer(815301076,1909f56bfc062723c751e8b465ee728b) [PhysX] Initialized MultithreadedTaskDispatcher with 16 workers.
[PhysX] Initialized MultithreadedTaskDispatcher with 16 workers.
 -> (artifact id: 'fbdf52c1c0d3fbb8e4e52228160d7e68') in 0.024041 seconds
Number of updated asset objects reloaded before import = 0
Number of asset objects unloaded after import = 3
========================================================================
Received Import Request.
  Time since last request: 0.000021 seconds.
  path: Assets/MapFolder/Card X6.png
  artifactKey: Guid(604383a0905df414aae09c4414dcf48d) Importer(815301076,1909f56bfc062723c751e8b465ee728b)
Start importing Assets/MapFolder/Card X6.png using Guid(604383a0905df414aae09c4414dcf48d) Importer(815301076,1909f56bfc062723c751e8b465ee728b) [PhysX] Initialized MultithreadedTaskDispatcher with 16 workers.
[PhysX] Initialized MultithreadedTaskDispatcher with 16 workers.
 -> (artifact id: 'ed13469b306ce603bbf023037e037780') in 0.020368 seconds
Number of updated asset objects reloaded before import = 0
Number of asset objects unloaded after import = 3
========================================================================
Received Import Request.
  Time since last request: 0.000020 seconds.
  path: Assets/Sprites/Friendly/tf_monsters_assetpack/tf_monsters_assetpack/TimeFantasy_Monsters/Battlers/scorpion.png
  artifactKey: Guid(fbcd83ad33a65a745b0212d18699c4ac) Importer(815301076,1909f56bfc062723c751e8b465ee728b)
Start importing Assets/Sprites/Friendly/tf_monsters_assetpack/tf_monsters_assetpack/TimeFantasy_Monsters/Battlers/scorpion.png using Guid(fbcd83ad33a65a745b0212d18699c4ac) Importer(815301076,1909f56bfc062723c751e8b465ee728b) [PhysX] Initialized MultithreadedTaskDispatcher with 16 workers.
[PhysX] Initialized MultithreadedTaskDispatcher with 16 workers.
 -> (artifact id: '5c4a44b9e73fd40d5bb5e43bc156b89c') in 0.017315 seconds
Number of updated asset objects reloaded before import = 0
Number of asset objects unloaded after import = 3
========================================================================
Received Import Request.
  Time since last request: 0.000022 seconds.
  path: Assets/LevelDesign/Background/Pixel Skies DEMO/Pixel Skies 1920x1080px (Full HD)/background.jpg
  artifactKey: Guid(fcaca1b75402df14b8c1347906adde51) Importer(815301076,1909f56bfc062723c751e8b465ee728b)
Start importing Assets/LevelDesign/Background/Pixel Skies DEMO/Pixel Skies 1920x1080px (Full HD)/background.jpg using Guid(fcaca1b75402df14b8c1347906adde51) Importer(815301076,1909f56bfc062723c751e8b465ee728b) [PhysX] Initialized MultithreadedTaskDispatcher with 16 workers.
[PhysX] Initialized MultithreadedTaskDispatcher with 16 workers.
 -> (artifact id: 'ad25b32e7d4ed5c3c4faf506d51ad75d') in 0.022211 seconds
Number of updated asset objects reloaded before import = 0
Number of asset objects unloaded after import = 3
========================================================================
Received Import Request.
  Time since last request: 0.000017 seconds.
  path: Assets/Sprites/Friendly/tf_monsters_assetpack/tf_monsters_assetpack/TimeFantasy_Monsters/Battlers/lick.png
  artifactKey: Guid(8ddd371f520e5ef468ff67e854af2124) Importer(815301076,1909f56bfc062723c751e8b465ee728b)
Start importing Assets/Sprites/Friendly/tf_monsters_assetpack/tf_monsters_assetpack/TimeFantasy_Monsters/Battlers/lick.png using Guid(8ddd371f520e5ef468ff67e854af2124) Importer(815301076,1909f56bfc062723c751e8b465ee728b) [PhysX] Initialized MultithreadedTaskDispatcher with 16 workers.
[PhysX] Initialized MultithreadedTaskDispatcher with 16 workers.
 -> (artifact id: '6fa2dfa036a1077f82c96d9107892d87') in 0.017638 seconds
Number of updated asset objects reloaded before import = 0
Number of asset objects unloaded after import = 3
========================================================================
Received Import Request.
  Time since last request: 0.000015 seconds.
  path: Assets/Sprites/Friendly/tf_monsters_assetpack/tf_monsters_assetpack/TimeFantasy_Monsters/Battlers/minotaur.png
  artifactKey: Guid(5ad00446a249f1349b59f1b45b6fe065) Importer(815301076,1909f56bfc062723c751e8b465ee728b)
Start importing Assets/Sprites/Friendly/tf_monsters_assetpack/tf_monsters_assetpack/TimeFantasy_Monsters/Battlers/minotaur.png using Guid(5ad00446a249f1349b59f1b45b6fe065) Importer(815301076,1909f56bfc062723c751e8b465ee728b) [PhysX] Initialized MultithreadedTaskDispatcher with 16 workers.
[PhysX] Initialized MultithreadedTaskDispatcher with 16 workers.
 -> (artifact id: 'e5361bdae78f2a33235bc11e6e458c44') in 0.018334 seconds
Number of updated asset objects reloaded before import = 0
Number of asset objects unloaded after import = 3
========================================================================
Received Import Request.
  Time since last request: 0.000038 seconds.
  path: Assets/LevelDesign/Background/plain_starfield_1.png
  artifactKey: Guid(d768c069375838f458e1932d18b7e421) Importer(815301076,1909f56bfc062723c751e8b465ee728b)
Start importing Assets/LevelDesign/Background/plain_starfield_1.png using Guid(d768c069375838f458e1932d18b7e421) Importer(815301076,1909f56bfc062723c751e8b465ee728b) [PhysX] Initialized MultithreadedTaskDispatcher with 16 workers.
[PhysX] Initialized MultithreadedTaskDispatcher with 16 workers.
 -> (artifact id: '2ddf20e13483aa9131dc4306349c144b') in 0.019237 seconds
Number of updated asset objects reloaded before import = 0
Number of asset objects unloaded after import = 3
========================================================================
Received Import Request.
  Time since last request: 0.000030 seconds.
  path: Assets/Sprites/Friendly/tf_monsters_assetpack/tf_monsters_assetpack/TimeFantasy_Monsters/Battlers/orc11.png
  artifactKey: Guid(540f56c20b3a18942ad2481f33200763) Importer(815301076,1909f56bfc062723c751e8b465ee728b)
Start importing Assets/Sprites/Friendly/tf_monsters_assetpack/tf_monsters_assetpack/TimeFantasy_Monsters/Battlers/orc11.png using Guid(540f56c20b3a18942ad2481f33200763) Importer(815301076,1909f56bfc062723c751e8b465ee728b) [PhysX] Initialized MultithreadedTaskDispatcher with 16 workers.
[PhysX] Initialized MultithreadedTaskDispatcher with 16 workers.
 -> (artifact id: 'b0407243de0314f8475d4218fde2d157') in 0.016800 seconds
Number of updated asset objects reloaded before import = 0
Number of asset objects unloaded after import = 3
========================================================================
Received Import Request.
  Time since last request: 0.000016 seconds.
  path: Assets/Sprites/Friendly/tf_monsters_assetpack/tf_monsters_assetpack/TimeFantasy_Monsters/Battlers/orc15.png
  artifactKey: Guid(c69ddbb5452e4c04d982842a4e6d0f7b) Importer(815301076,1909f56bfc062723c751e8b465ee728b)
Start importing Assets/Sprites/Friendly/tf_monsters_assetpack/tf_monsters_assetpack/TimeFantasy_Monsters/Battlers/orc15.png using Guid(c69ddbb5452e4c04d982842a4e6d0f7b) Importer(815301076,1909f56bfc062723c751e8b465ee728b) [PhysX] Initialized MultithreadedTaskDispatcher with 16 workers.
[PhysX] Initialized MultithreadedTaskDispatcher with 16 workers.
 -> (artifact id: 'b4266f3ed12345b5d387428a28ff20e1') in 0.018399 seconds
Number of updated asset objects reloaded before import = 0
Number of asset objects unloaded after import = 3
========================================================================
Received Import Request.
  Time since last request: 0.000019 seconds.
  path: Assets/Sprites/Friendly/tf_monsters_assetpack/tf_monsters_assetpack/TimeFantasy_Monsters/Battlers/mimic2.png
  artifactKey: Guid(664c7bc7fb74de646b0e92ed002efc02) Importer(815301076,1909f56bfc062723c751e8b465ee728b)
Start importing Assets/Sprites/Friendly/tf_monsters_assetpack/tf_monsters_assetpack/TimeFantasy_Monsters/Battlers/mimic2.png using Guid(664c7bc7fb74de646b0e92ed002efc02) Importer(815301076,1909f56bfc062723c751e8b465ee728b) [PhysX] Initialized MultithreadedTaskDispatcher with 16 workers.
[PhysX] Initialized MultithreadedTaskDispatcher with 16 workers.
 -> (artifact id: '620207d7e681a9d60cb71735d850bed7') in 0.020634 seconds
Number of updated asset objects reloaded before import = 0
Number of asset objects unloaded after import = 3
========================================================================
Received Import Request.
  Time since last request: 0.000023 seconds.
  path: Assets/MapFolder/Planet3.png
  artifactKey: Guid(96296beb7dad0b44fb72c1452f274f7d) Importer(815301076,1909f56bfc062723c751e8b465ee728b)
Start importing Assets/MapFolder/Planet3.png using Guid(96296beb7dad0b44fb72c1452f274f7d) Importer(815301076,1909f56bfc062723c751e8b465ee728b) [PhysX] Initialized MultithreadedTaskDispatcher with 16 workers.
[PhysX] Initialized MultithreadedTaskDispatcher with 16 workers.
 -> (artifact id: 'b85272654f85e49c2ca298b5d82ada6f') in 0.014989 seconds
Number of updated asset objects reloaded before import = 0
Number of asset objects unloaded after import = 3
========================================================================
Received Import Request.
  Time since last request: 0.000023 seconds.
  path: Assets/Sprites/Friendly/tf_monsters_assetpack/tf_monsters_assetpack/TimeFantasy_Monsters/Battlers/bird3.png
  artifactKey: Guid(e7b63ad12a6b0d64d809c2c1b8212485) Importer(815301076,1909f56bfc062723c751e8b465ee728b)
Start importing Assets/Sprites/Friendly/tf_monsters_assetpack/tf_monsters_assetpack/TimeFantasy_Monsters/Battlers/bird3.png using Guid(e7b63ad12a6b0d64d809c2c1b8212485) Importer(815301076,1909f56bfc062723c751e8b465ee728b) [PhysX] Initialized MultithreadedTaskDispatcher with 16 workers.
[PhysX] Initialized MultithreadedTaskDispatcher with 16 workers.
 -> (artifact id: '5c56facf216d6ea7f8dd704dc1b8d9e2') in 0.017125 seconds
Number of updated asset objects reloaded before import = 0
Number of asset objects unloaded after import = 3
========================================================================
Received Import Request.
  Time since last request: 0.000016 seconds.
  path: Assets/MapFolder/Planet9.png
  artifactKey: Guid(df783d433514344468c094a4ff159576) Importer(815301076,1909f56bfc062723c751e8b465ee728b)
Start importing Assets/MapFolder/Planet9.png using Guid(df783d433514344468c094a4ff159576) Importer(815301076,1909f56bfc062723c751e8b465ee728b) [PhysX] Initialized MultithreadedTaskDispatcher with 16 workers.
[PhysX] Initialized MultithreadedTaskDispatcher with 16 workers.
 -> (artifact id: '5da5e9da86659597a3f4575d318188b3') in 0.016305 seconds
Number of updated asset objects reloaded before import = 0
Number of asset objects unloaded after import = 3
========================================================================
Received Prepare
Caller must complete domain reload
Begin MonoManager ReloadAssembly
- Loaded All Assemblies, in  0.608 seconds
Native extension for WindowsStandalone target not found
[Package Manager] Server::EnsureServerProcessIsRunning -- launch failed, reason: Unity was launched with the -noUpm command-line argument
[Package Manager] UpmClient::Send -- Unable to send message (not connected to UPM process).
[Package Manager] Cannot connect to Unity Package Manager local server
Mono: successfully reloaded assembly
- Finished resetting the current domain, in  1.562 seconds
Domain Reload Profiling: 2161ms
	BeginReloadAssembly (169ms)
		ExecutionOrderSort (0ms)
		DisableScriptedObjects (12ms)
		BackupInstance (0ms)
		ReleaseScriptingObjects (0ms)
		CreateAndSetChildDomain (36ms)
	RebuildCommonClasses (33ms)
	RebuildNativeTypeToScriptingClass (12ms)
	initialDomainReloadingComplete (39ms)
	LoadAllAssembliesAndSetupDomain (346ms)
		LoadAssemblies (415ms)
		RebuildTransferFunctionScriptingTraits (0ms)
		AnalyzeDomain (18ms)
			TypeCache.Refresh (6ms)
				TypeCache.ScanAssembly (0ms)
			ScanForSourceGeneratedMonoScriptInfo (0ms)
			ResolveRequiredComponents (11ms)
	FinalizeReload (1562ms)
		ReleaseScriptCaches (0ms)
		RebuildScriptCaches (0ms)
		SetupLoadedEditorAssemblies (612ms)
			LogAssemblyErrors (0ms)
			InitializePlatformSupportModulesInManaged (8ms)
			SetLoadedEditorAssemblies (4ms)
			RefreshPlugins (0ms)
			BeforeProcessingInitializeOnLoad (104ms)
			ProcessInitializeOnLoadAttributes (414ms)
			ProcessInitializeOnLoadMethodAttributes (68ms)
			AfterProcessingInitializeOnLoad (13ms)
			EditorAssembliesLoaded (0ms)
		ExecutionOrderSort2 (0ms)
		AwakeInstancesAfterBackupRestoration (21ms)
Refreshing native plugins compatible for Editor in 9.40 ms, found 4 plugins.
Preloading 0 native plugins for Editor in 0.00 ms.
Unloading 6043 Unused Serialized files (Serialized files now loaded: 0)
Unloading 22 unused Assets / (316.6 KB). Loaded Objects now: 6759.
Memory consumption went from 205.9 MB to 205.6 MB.
Total: 3.757600 ms (FindLiveObjects: 0.474100 ms CreateObjectMapping: 0.542800 ms MarkObjects: 2.637300 ms  DeleteObjects: 0.102400 ms)

Prepare: number of updated asset objects reloaded= 0
AssetImportParameters requested are different than current active one (requested -> active):
  custom:container-demuxer-ogg: 62fdf1f143b41e24485cea50d1cbac27 -> 
  custom:video-codec-MediaFoundation-h265: e54d7ab0439102e2317fc1e4b246158d -> 
  custom:video-decoder-ogg-theora: a1e56fd34408186e4bbccfd4996cb3dc -> 
  custom:framework-win-MediaFoundation: 216162199b28c13a410421893ffa2e32 -> 
  custom:CustomObjectIndexerAttribute: 72b91833f83ae208fae7752999fa3104 -> 
  custom:container-demuxer-webm: 4f35f7cbe854078d1ac9338744f61a02 -> 
  custom:container-muxer-webm: aa71ff27fc2769a1b78a27578f13a17b -> 
  custom:video-decoder-webm-vp8: 9c59270c3fd7afecdb556c50c9e8de78 -> 
  custom:SearchIndexIgnoredProperties: e643bd26f0fe6173181afceb89e7c659 -> 
  custom:AudioImporter_EditorPlatform: d09bf68614088b80899f8185d706f6e7 -> 
  custom:video-encoder-webm-vp8: eb34c28f22e8b96e1ab97ce403110664 -> 
  custom:audio-decoder-ogg-vorbis: bf7c407c2cedff20999df2af8eb42d56 -> 
  custom:audio-encoder-webm-vorbis: bf7c407c2cedff20999df2af8eb42d56 -> 
  custom:scripting/precompiled-assembly-types:Assembly-CSharp: 9435510e9c41ae632d1a20ed43164d0e -> e97f3b629959d7f97501995b61389baa
========================================================================
Received Import Request.
  Time since last request: 47.606319 seconds.
  path: Assets/Anabel Assets/trampoline.prefab
  artifactKey: Guid(afc036d82f3313049b0814c8d990c541) Importer(815301076,1909f56bfc062723c751e8b465ee728b)
Start importing Assets/Anabel Assets/trampoline.prefab using Guid(afc036d82f3313049b0814c8d990c541) Importer(815301076,1909f56bfc062723c751e8b465ee728b) [PhysX] Initialized MultithreadedTaskDispatcher with 16 workers.
 -> (artifact id: '1606291bb26c0d9e7bbee85992182603') in 0.001911 seconds
Number of updated asset objects reloaded before import = 0
Number of asset objects unloaded after import = 0
========================================================================
Received Prepare
Caller must complete domain reload
Begin MonoManager ReloadAssembly
- Loaded All Assemblies, in  0.586 seconds
Native extension for WindowsStandalone target not found
[Package Manager] Server::EnsureServerProcessIsRunning -- launch failed, reason: Unity was launched with the -noUpm command-line argument
[Package Manager] UpmClient::Send -- Unable to send message (not connected to UPM process).
[Package Manager] Cannot connect to Unity Package Manager local server
Mono: successfully reloaded assembly
- Finished resetting the current domain, in  1.492 seconds
Domain Reload Profiling: 2070ms
	BeginReloadAssembly (175ms)
		ExecutionOrderSort (0ms)
		DisableScriptedObjects (10ms)
		BackupInstance (0ms)
		ReleaseScriptingObjects (0ms)
		CreateAndSetChildDomain (43ms)
	RebuildCommonClasses (29ms)
	RebuildNativeTypeToScriptingClass (11ms)
	initialDomainReloadingComplete (36ms)
	LoadAllAssembliesAndSetupDomain (328ms)
		LoadAssemblies (396ms)
		RebuildTransferFunctionScriptingTraits (0ms)
		AnalyzeDomain (18ms)
			TypeCache.Refresh (6ms)
				TypeCache.ScanAssembly (0ms)
			ScanForSourceGeneratedMonoScriptInfo (0ms)
			ResolveRequiredComponents (11ms)
	FinalizeReload (1492ms)
		ReleaseScriptCaches (0ms)
		RebuildScriptCaches (0ms)
		SetupLoadedEditorAssemblies (581ms)
			LogAssemblyErrors (0ms)
			InitializePlatformSupportModulesInManaged (8ms)
			SetLoadedEditorAssemblies (4ms)
			RefreshPlugins (0ms)
			BeforeProcessingInitializeOnLoad (104ms)
			ProcessInitializeOnLoadAttributes (391ms)
			ProcessInitializeOnLoadMethodAttributes (61ms)
			AfterProcessingInitializeOnLoad (12ms)
			EditorAssembliesLoaded (0ms)
		ExecutionOrderSort2 (0ms)
		AwakeInstancesAfterBackupRestoration (16ms)
Refreshing native plugins compatible for Editor in 9.12 ms, found 4 plugins.
Preloading 0 native plugins for Editor in 0.00 ms.
Unloading 6043 Unused Serialized files (Serialized files now loaded: 0)
Unloading 22 unused Assets / (316.6 KB). Loaded Objects now: 6764.
Memory consumption went from 205.9 MB to 205.5 MB.
Total: 4.497600 ms (FindLiveObjects: 0.714400 ms CreateObjectMapping: 0.642700 ms MarkObjects: 3.040100 ms  DeleteObjects: 0.098800 ms)

Prepare: number of updated asset objects reloaded= 0
AssetImportParameters requested are different than current active one (requested -> active):
  custom:container-demuxer-ogg: 62fdf1f143b41e24485cea50d1cbac27 -> 
  custom:video-codec-MediaFoundation-h265: e54d7ab0439102e2317fc1e4b246158d -> 
  custom:video-decoder-ogg-theora: a1e56fd34408186e4bbccfd4996cb3dc -> 
  custom:framework-win-MediaFoundation: 216162199b28c13a410421893ffa2e32 -> 
  custom:CustomObjectIndexerAttribute: 72b91833f83ae208fae7752999fa3104 -> 
  custom:container-demuxer-webm: 4f35f7cbe854078d1ac9338744f61a02 -> 
  custom:container-muxer-webm: aa71ff27fc2769a1b78a27578f13a17b -> 
  custom:video-decoder-webm-vp8: 9c59270c3fd7afecdb556c50c9e8de78 -> 
  custom:SearchIndexIgnoredProperties: e643bd26f0fe6173181afceb89e7c659 -> 
  custom:AudioImporter_EditorPlatform: d09bf68614088b80899f8185d706f6e7 -> 
  custom:video-encoder-webm-vp8: eb34c28f22e8b96e1ab97ce403110664 -> 
  custom:audio-decoder-ogg-vorbis: bf7c407c2cedff20999df2af8eb42d56 -> 
  custom:audio-encoder-webm-vorbis: bf7c407c2cedff20999df2af8eb42d56 -> 
  custom:scripting/precompiled-assembly-types:Assembly-CSharp: 9435510e9c41ae632d1a20ed43164d0e -> e97f3b629959d7f97501995b61389baa
========================================================================
Received Import Request.
  Time since last request: 90.752545 seconds.
  path: Assets/Level1Design/tiles/Pixel Tiles/Sprites/Tiles 1500% Larger/Tiles_Desert_Size_1500_Percent.png
  artifactKey: Guid(0415983c725ddb84d90dd4c7aeb15d69) Importer(815301076,1909f56bfc062723c751e8b465ee728b)
Start importing Assets/Level1Design/tiles/Pixel Tiles/Sprites/Tiles 1500% Larger/Tiles_Desert_Size_1500_Percent.png using Guid(0415983c725ddb84d90dd4c7aeb15d69) Importer(815301076,1909f56bfc062723c751e8b465ee728b) [PhysX] Initialized MultithreadedTaskDispatcher with 16 workers.
[PhysX] Initialized MultithreadedTaskDispatcher with 16 workers.
 -> (artifact id: '7de02e4b4e2117acaa31ed54eceab754') in 0.116520 seconds
Number of updated asset objects reloaded before import = 0
Number of asset objects unloaded after import = 27
========================================================================
Received Import Request.
  Time since last request: 0.000019 seconds.
  path: Assets/Level1Design/tiles/Pixel Tiles/Sprites/Tiles Original Size/Tiles_Desert_Size_Original.png
  artifactKey: Guid(1fc1203e39e1759468e1fe57c82fd237) Importer(815301076,1909f56bfc062723c751e8b465ee728b)
Start importing Assets/Level1Design/tiles/Pixel Tiles/Sprites/Tiles Original Size/Tiles_Desert_Size_Original.png using Guid(1fc1203e39e1759468e1fe57c82fd237) Importer(815301076,1909f56bfc062723c751e8b465ee728b) [PhysX] Initialized MultithreadedTaskDispatcher with 16 workers.
[PhysX] Initialized MultithreadedTaskDispatcher with 16 workers.
 -> (artifact id: '13afd9f1ce24988f142fd72f1ca26f60') in 0.058244 seconds
Number of updated asset objects reloaded before import = 0
Number of asset objects unloaded after import = 27
========================================================================
Received Import Request.
  Time since last request: 0.001667 seconds.
  path: Assets/Level1Design/tiles/Pixel Tiles/Sprites/Tiles 1000% Larger/Tiles_Caves_Size_1000_Percent.png
  artifactKey: Guid(e0711c1fa59c37d4bbd2c0805a0aad32) Importer(815301076,1909f56bfc062723c751e8b465ee728b)
Start importing Assets/Level1Design/tiles/Pixel Tiles/Sprites/Tiles 1000% Larger/Tiles_Caves_Size_1000_Percent.png using Guid(e0711c1fa59c37d4bbd2c0805a0aad32) Importer(815301076,1909f56bfc062723c751e8b465ee728b) [PhysX] Initialized MultithreadedTaskDispatcher with 16 workers.
[PhysX] Initialized MultithreadedTaskDispatcher with 16 workers.
 -> (artifact id: '7f8e533ca8ce779aaf154d4120ae5a43') in 0.049915 seconds
Number of updated asset objects reloaded before import = 0
Number of asset objects unloaded after import = 16
========================================================================
Received Import Request.
  Time since last request: 0.000018 seconds.
  path: Assets/Level1Design/tiles/Pixel Tiles/Sprites/Tiles Original Size/Tiles_Caves_Size_Original.png
  artifactKey: Guid(76958f62b71807d45b80a7650af6e21a) Importer(815301076,1909f56bfc062723c751e8b465ee728b)
Start importing Assets/Level1Design/tiles/Pixel Tiles/Sprites/Tiles Original Size/Tiles_Caves_Size_Original.png using Guid(76958f62b71807d45b80a7650af6e21a) Importer(815301076,1909f56bfc062723c751e8b465ee728b) [PhysX] Initialized MultithreadedTaskDispatcher with 16 workers.
[PhysX] Initialized MultithreadedTaskDispatcher with 16 workers.
 -> (artifact id: 'b0e50f93bfc8347cd4401a8712322269') in 0.044202 seconds
Number of updated asset objects reloaded before import = 0
Number of asset objects unloaded after import = 16
========================================================================
Received Import Request.
  Time since last request: 0.000016 seconds.
  path: Assets/Level1Design/tiles/Pixel Tiles/Sprites/Tiles 1500% Larger/Tiles_Caves_Size_1500_Percent.png
  artifactKey: Guid(4acc9fc65d5ef7347891755ff925dcaa) Importer(815301076,1909f56bfc062723c751e8b465ee728b)
Start importing Assets/Level1Design/tiles/Pixel Tiles/Sprites/Tiles 1500% Larger/Tiles_Caves_Size_1500_Percent.png using Guid(4acc9fc65d5ef7347891755ff925dcaa) Importer(815301076,1909f56bfc062723c751e8b465ee728b) [PhysX] Initialized MultithreadedTaskDispatcher with 16 workers.
[PhysX] Initialized MultithreadedTaskDispatcher with 16 workers.
 -> (artifact id: 'e76d44ebd0ddc55c37f3d6dacd55f571') in 0.047093 seconds
Number of updated asset objects reloaded before import = 0
Number of asset objects unloaded after import = 16
========================================================================
Received Import Request.
  Time since last request: 0.000015 seconds.
  path: Assets/LevelDesign/Background/Pixel Skies DEMO/Pixel Skies 1920x1080px (Full HD)/demo06_PixelSky_1920x1080.png
  artifactKey: Guid(3de760602bae9d54dbd6e2463f455381) Importer(815301076,1909f56bfc062723c751e8b465ee728b)
Start importing Assets/LevelDesign/Background/Pixel Skies DEMO/Pixel Skies 1920x1080px (Full HD)/demo06_PixelSky_1920x1080.png using Guid(3de760602bae9d54dbd6e2463f455381) Importer(815301076,1909f56bfc062723c751e8b465ee728b) [PhysX] Initialized MultithreadedTaskDispatcher with 16 workers.
[PhysX] Initialized MultithreadedTaskDispatcher with 16 workers.
 -> (artifact id: '2129915cd9e8c85061e4db473e24eb67') in 0.063136 seconds
Number of updated asset objects reloaded before import = 0
Number of asset objects unloaded after import = 3
========================================================================
Received Import Request.
  Time since last request: 0.000017 seconds.
  path: Assets/Sprites/Friendly/tf_monsters_assetpack/tf_monsters_assetpack/TimeFantasy_Monsters/Battlers/dknight2.png
  artifactKey: Guid(afc89abf97403044d92b5dde0f2daf35) Importer(815301076,1909f56bfc062723c751e8b465ee728b)
Start importing Assets/Sprites/Friendly/tf_monsters_assetpack/tf_monsters_assetpack/TimeFantasy_Monsters/Battlers/dknight2.png using Guid(afc89abf97403044d92b5dde0f2daf35) Importer(815301076,1909f56bfc062723c751e8b465ee728b) [PhysX] Initialized MultithreadedTaskDispatcher with 16 workers.
[PhysX] Initialized MultithreadedTaskDispatcher with 16 workers.
 -> (artifact id: '45f073e5ae552a2f99fdb4b53b4d073f') in 0.018561 seconds
Number of updated asset objects reloaded before import = 0
Number of asset objects unloaded after import = 3
========================================================================
Received Import Request.
  Time since last request: 0.000038 seconds.
  path: Assets/Sprites/Friendly/tf_monsters_assetpack/tf_monsters_assetpack/TimeFantasy_Monsters/Battlers/elemental3.png
  artifactKey: Guid(ba633b9ffcd99854596d3e0eb99664a2) Importer(815301076,1909f56bfc062723c751e8b465ee728b)
Start importing Assets/Sprites/Friendly/tf_monsters_assetpack/tf_monsters_assetpack/TimeFantasy_Monsters/Battlers/elemental3.png using Guid(ba633b9ffcd99854596d3e0eb99664a2) Importer(815301076,1909f56bfc062723c751e8b465ee728b) [PhysX] Initialized MultithreadedTaskDispatcher with 16 workers.
[PhysX] Initialized MultithreadedTaskDispatcher with 16 workers.
 -> (artifact id: '410668b47c87410c6519572bf3075e3c') in 0.018353 seconds
Number of updated asset objects reloaded before import = 0
Number of asset objects unloaded after import = 3
========================================================================
Received Import Request.
  Time since last request: 0.000017 seconds.
  path: Assets/Sprites/Friendly/tf_monsters_assetpack/tf_monsters_assetpack/TimeFantasy_Monsters/Battlers/elk.png
  artifactKey: Guid(07ad14f607d074e45b2933452c758abc) Importer(815301076,1909f56bfc062723c751e8b465ee728b)
Start importing Assets/Sprites/Friendly/tf_monsters_assetpack/tf_monsters_assetpack/TimeFantasy_Monsters/Battlers/elk.png using Guid(07ad14f607d074e45b2933452c758abc) Importer(815301076,1909f56bfc062723c751e8b465ee728b) [PhysX] Initialized MultithreadedTaskDispatcher with 16 workers.
[PhysX] Initialized MultithreadedTaskDispatcher with 16 workers.
 -> (artifact id: '15447d0ec774241135ba0f14f7127724') in 0.020412 seconds
Number of updated asset objects reloaded before import = 0
Number of asset objects unloaded after import = 3
========================================================================
Received Import Request.
  Time since last request: 0.000017 seconds.
  path: Assets/Level1Design/tiles/Pixel Tiles/Sprites/Tiles 1000% Larger/Tiles_Desert_Size_1000_Percent.png
  artifactKey: Guid(ed167d2794e48d1499a064d3d4652575) Importer(815301076,1909f56bfc062723c751e8b465ee728b)
Start importing Assets/Level1Design/tiles/Pixel Tiles/Sprites/Tiles 1000% Larger/Tiles_Desert_Size_1000_Percent.png using Guid(ed167d2794e48d1499a064d3d4652575) Importer(815301076,1909f56bfc062723c751e8b465ee728b) [PhysX] Initialized MultithreadedTaskDispatcher with 16 workers.
[PhysX] Initialized MultithreadedTaskDispatcher with 16 workers.
 -> (artifact id: 'a487ec679192a9ab55bb97e6f465eab5') in 0.070576 seconds
Number of updated asset objects reloaded before import = 0
Number of asset objects unloaded after import = 27
========================================================================
Received Prepare
Caller must complete domain reload
Begin MonoManager ReloadAssembly
- Loaded All Assemblies, in  0.612 seconds
Native extension for WindowsStandalone target not found
[Package Manager] Server::EnsureServerProcessIsRunning -- launch failed, reason: Unity was launched with the -noUpm command-line argument
[Package Manager] UpmClient::Send -- Unable to send message (not connected to UPM process).
[Package Manager] Cannot connect to Unity Package Manager local server
Mono: successfully reloaded assembly
- Finished resetting the current domain, in  1.536 seconds
Domain Reload Profiling: 2140ms
	BeginReloadAssembly (176ms)
		ExecutionOrderSort (0ms)
		DisableScriptedObjects (12ms)
		BackupInstance (0ms)
		ReleaseScriptingObjects (0ms)
		CreateAndSetChildDomain (37ms)
	RebuildCommonClasses (34ms)
	RebuildNativeTypeToScriptingClass (11ms)
	initialDomainReloadingComplete (38ms)
	LoadAllAssembliesAndSetupDomain (345ms)
		LoadAssemblies (415ms)
		RebuildTransferFunctionScriptingTraits (0ms)
		AnalyzeDomain (20ms)
			TypeCache.Refresh (7ms)
				TypeCache.ScanAssembly (0ms)
			ScanForSourceGeneratedMonoScriptInfo (0ms)
			ResolveRequiredComponents (12ms)
	FinalizeReload (1537ms)
		ReleaseScriptCaches (0ms)
		RebuildScriptCaches (0ms)
		SetupLoadedEditorAssemblies (599ms)
			LogAssemblyErrors (0ms)
			InitializePlatformSupportModulesInManaged (9ms)
			SetLoadedEditorAssemblies (6ms)
			RefreshPlugins (0ms)
			BeforeProcessingInitializeOnLoad (101ms)
			ProcessInitializeOnLoadAttributes (398ms)
			ProcessInitializeOnLoadMethodAttributes (69ms)
			AfterProcessingInitializeOnLoad (15ms)
			EditorAssembliesLoaded (0ms)
		ExecutionOrderSort2 (0ms)
		AwakeInstancesAfterBackupRestoration (18ms)
Refreshing native plugins compatible for Editor in 9.77 ms, found 4 plugins.
Preloading 0 native plugins for Editor in 0.00 ms.
Unloading 6043 Unused Serialized files (Serialized files now loaded: 0)
Unloading 22 unused Assets / (318.6 KB). Loaded Objects now: 6769.
Memory consumption went from 206.0 MB to 205.6 MB.
Total: 5.512800 ms (FindLiveObjects: 0.532100 ms CreateObjectMapping: 0.494500 ms MarkObjects: 4.334900 ms  DeleteObjects: 0.150300 ms)

Prepare: number of updated asset objects reloaded= 0
AssetImportParameters requested are different than current active one (requested -> active):
  custom:container-demuxer-ogg: 62fdf1f143b41e24485cea50d1cbac27 -> 
  custom:video-codec-MediaFoundation-h265: e54d7ab0439102e2317fc1e4b246158d -> 
  custom:video-decoder-ogg-theora: a1e56fd34408186e4bbccfd4996cb3dc -> 
  custom:framework-win-MediaFoundation: 216162199b28c13a410421893ffa2e32 -> 
  custom:CustomObjectIndexerAttribute: 72b91833f83ae208fae7752999fa3104 -> 
  custom:container-demuxer-webm: 4f35f7cbe854078d1ac9338744f61a02 -> 
  custom:container-muxer-webm: aa71ff27fc2769a1b78a27578f13a17b -> 
  custom:video-decoder-webm-vp8: 9c59270c3fd7afecdb556c50c9e8de78 -> 
  custom:SearchIndexIgnoredProperties: e643bd26f0fe6173181afceb89e7c659 -> 
  custom:AudioImporter_EditorPlatform: d09bf68614088b80899f8185d706f6e7 -> 
  custom:video-encoder-webm-vp8: eb34c28f22e8b96e1ab97ce403110664 -> 
  custom:audio-decoder-ogg-vorbis: bf7c407c2cedff20999df2af8eb42d56 -> 
  custom:audio-encoder-webm-vorbis: bf7c407c2cedff20999df2af8eb42d56 -> 
  custom:scripting/precompiled-assembly-types:Assembly-CSharp: 9435510e9c41ae632d1a20ed43164d0e -> e97f3b629959d7f97501995b61389baa
Editor requested this worker to shutdown with reason: Scaling down because of idle timeout
TcpMessagingSession - receive error: operation aborted. errorcode: 995, details: The I/O operation has been aborted because of either a thread exit or an application request.
AssetImportWorker is now disconnected from the server
Process exiting
Exiting without the bug reporter. Application will terminate with return code 0