Using pre-set license
Built from '2022.3/staging' branch; Version is '2022.3.46f1 (8e9b8558c41a) revision 9345925'; Using compiler version '192829333'; Build Type 'Release'
OS: 'Windows 11  (10.0.22631) 64bit Professional' Language: 'en' Physical Memory: 32509 MB
BatchMode: 1, IsHumanControllingUs: 0, StartBugReporterOnCrash: 0, Is64bit: 1, IsPro: 1

COMMAND LINE ARGUMENTS:
C:\Program Files\Unity\Hub\Editor\2022.3.46f1\Editor\Unity.exe
-adb2
-batchMode
-noUpm
-name
AssetImportWorker4
-projectPath
C:/Users/Mela/Desktop/Revialis_Melanie_Anabel_Andrada_FINAL
-logFile
Logs/AssetImportWorker4.log
-srvPort
51267
Successfully changed project path to: C:/Users/Mela/Desktop/Revialis_Melanie_Anabel_Andrada_FINAL
C:/Users/Mela/Desktop/Revialis_Melanie_Anabel_Andrada_FINAL
[UnityMemory] Configuration Parameters - Can be set up in boot.config
    "memorysetup-bucket-allocator-granularity=16"
    "memorysetup-bucket-allocator-bucket-count=8"
    "memorysetup-bucket-allocator-block-size=33554432"
    "memorysetup-bucket-allocator-block-count=8"
    "memorysetup-main-allocator-block-size=16777216"
    "memorysetup-thread-allocator-block-size=16777216"
    "memorysetup-gfx-main-allocator-block-size=16777216"
    "memorysetup-gfx-thread-allocator-block-size=16777216"
    "memorysetup-cache-allocator-block-size=4194304"
    "memorysetup-typetree-allocator-block-size=2097152"
    "memorysetup-profiler-bucket-allocator-granularity=16"
    "memorysetup-profiler-bucket-allocator-bucket-count=8"
    "memorysetup-profiler-bucket-allocator-block-size=33554432"
    "memorysetup-profiler-bucket-allocator-block-count=8"
    "memorysetup-profiler-allocator-block-size=16777216"
    "memorysetup-profiler-editor-allocator-block-size=1048576"
    "memorysetup-temp-allocator-size-main=16777216"
    "memorysetup-job-temp-allocator-block-size=2097152"
    "memorysetup-job-temp-allocator-block-size-background=1048576"
    "memorysetup-job-temp-allocator-reduction-small-platforms=262144"
    "memorysetup-allocator-temp-initial-block-size-main=262144"
    "memorysetup-allocator-temp-initial-block-size-worker=262144"
    "memorysetup-temp-allocator-size-background-worker=32768"
    "memorysetup-temp-allocator-size-job-worker=262144"
    "memorysetup-temp-allocator-size-preload-manager=33554432"
    "memorysetup-temp-allocator-size-nav-mesh-worker=65536"
    "memorysetup-temp-allocator-size-audio-worker=65536"
    "memorysetup-temp-allocator-size-cloud-worker=32768"
    "memorysetup-temp-allocator-size-gi-baking-worker=262144"
    "memorysetup-temp-allocator-size-gfx=262144"
Player connection [21400]  Target information:

Player connection [21400]  * "[IP] 192.168.2.17 [Port] 0 [Flags] 2 [Guid] 4095781422 [EditorId] 4095781422 [Version] 1048832 [Id] WindowsEditor(7,MELA) [Debug] 1 [PackageName] WindowsEditor [ProjectName] Editor" 

Player connection [21400] Host joined multi-casting on [225.0.0.222:54997]...
Player connection [21400] Host joined alternative multi-casting on [225.0.0.222:34997]...
[PhysX] Initialized MultithreadedTaskDispatcher with 28 workers.
Refreshing native plugins compatible for Editor in 5.54 ms, found 4 plugins.
Preloading 0 native plugins for Editor in 0.00 ms.
Initialize engine version: 2022.3.46f1 (8e9b8558c41a)
[Subsystems] Discovering subsystems at path C:/Program Files/Unity/Hub/Editor/2022.3.46f1/Editor/Data/Resources/UnitySubsystems
[Subsystems] Discovering subsystems at path C:/Users/Mela/Desktop/Revialis_Melanie_Anabel_Andrada_FINAL/Assets
GfxDevice: creating device client; threaded=0; jobified=0
Direct3D:
    Version:  Direct3D 11.0 [level 11.1]
    Renderer: NVIDIA GeForce RTX 4070 Ti SUPER (ID=0x2705)
    Vendor:   NVIDIA
    VRAM:     16063 MB
    Driver:   32.0.15.6094
Initialize mono
Mono path[0] = 'C:/Program Files/Unity/Hub/Editor/2022.3.46f1/Editor/Data/Managed'
Mono path[1] = 'C:/Program Files/Unity/Hub/Editor/2022.3.46f1/Editor/Data/MonoBleedingEdge/lib/mono/unityjit-win32'
Mono config path = 'C:/Program Files/Unity/Hub/Editor/2022.3.46f1/Editor/Data/MonoBleedingEdge/etc'
Using monoOptions --debugger-agent=transport=dt_socket,embedding=1,server=y,suspend=n,address=127.0.0.1:56676
Begin MonoManager ReloadAssembly
Registering precompiled unity dll's ...
Register platform support module: C:/Program Files/Unity/Hub/Editor/2022.3.46f1/Editor/Data/PlaybackEngines/WebGLSupport/UnityEditor.WebGL.Extensions.dll
Register platform support module: C:/Program Files/Unity/Hub/Editor/2022.3.46f1/Editor/Data/PlaybackEngines/WindowsStandaloneSupport/UnityEditor.WindowsStandalone.Extensions.dll
Registered in 0.003150 seconds.
- Loaded All Assemblies, in  0.185 seconds
Native extension for WindowsStandalone target not found
Native extension for WebGL target not found
Mono: successfully reloaded assembly
- Finished resetting the current domain, in  0.139 seconds
Domain Reload Profiling: 324ms
	BeginReloadAssembly (57ms)
		ExecutionOrderSort (0ms)
		DisableScriptedObjects (0ms)
		BackupInstance (0ms)
		ReleaseScriptingObjects (0ms)
		CreateAndSetChildDomain (0ms)
	RebuildCommonClasses (19ms)
	RebuildNativeTypeToScriptingClass (6ms)
	initialDomainReloadingComplete (29ms)
	LoadAllAssembliesAndSetupDomain (74ms)
		LoadAssemblies (56ms)
		RebuildTransferFunctionScriptingTraits (0ms)
		AnalyzeDomain (73ms)
			TypeCache.Refresh (72ms)
				TypeCache.ScanAssembly (65ms)
			ScanForSourceGeneratedMonoScriptInfo (0ms)
			ResolveRequiredComponents (0ms)
	FinalizeReload (140ms)
		ReleaseScriptCaches (0ms)
		RebuildScriptCaches (0ms)
		SetupLoadedEditorAssemblies (115ms)
			LogAssemblyErrors (0ms)
			InitializePlatformSupportModulesInManaged (6ms)
			SetLoadedEditorAssemblies (3ms)
			RefreshPlugins (0ms)
			BeforeProcessingInitializeOnLoad (1ms)
			ProcessInitializeOnLoadAttributes (80ms)
			ProcessInitializeOnLoadMethodAttributes (25ms)
			AfterProcessingInitializeOnLoad (0ms)
			EditorAssembliesLoaded (0ms)
		ExecutionOrderSort2 (0ms)
		AwakeInstancesAfterBackupRestoration (0ms)
========================================================================
Worker process is ready to serve import requests
Caller must complete domain reload
Begin MonoManager ReloadAssembly
- Loaded All Assemblies, in  0.391 seconds
Native extension for WindowsStandalone target not found
Native extension for WebGL target not found
Package Manager log level set to [2]
[Package Manager] Server::EnsureServerProcessIsRunning -- launch failed, reason: Unity was launched with the -noUpm command-line argument
[Package Manager] UpmClient::Send -- Unable to send message (not connected to UPM process).
[Package Manager] Cannot connect to Unity Package Manager local server
Mono: successfully reloaded assembly
- Finished resetting the current domain, in  0.439 seconds
Domain Reload Profiling: 828ms
	BeginReloadAssembly (78ms)
		ExecutionOrderSort (0ms)
		DisableScriptedObjects (3ms)
		BackupInstance (0ms)
		ReleaseScriptingObjects (0ms)
		CreateAndSetChildDomain (12ms)
	RebuildCommonClasses (19ms)
	RebuildNativeTypeToScriptingClass (5ms)
	initialDomainReloadingComplete (22ms)
	LoadAllAssembliesAndSetupDomain (265ms)
		LoadAssemblies (184ms)
		RebuildTransferFunctionScriptingTraits (0ms)
		AnalyzeDomain (126ms)
			TypeCache.Refresh (103ms)
				TypeCache.ScanAssembly (94ms)
			ScanForSourceGeneratedMonoScriptInfo (16ms)
			ResolveRequiredComponents (6ms)
	FinalizeReload (439ms)
		ReleaseScriptCaches (0ms)
		RebuildScriptCaches (0ms)
		SetupLoadedEditorAssemblies (344ms)
			LogAssemblyErrors (0ms)
			InitializePlatformSupportModulesInManaged (4ms)
			SetLoadedEditorAssemblies (3ms)
			RefreshPlugins (0ms)
			BeforeProcessingInitializeOnLoad (47ms)
			ProcessInitializeOnLoadAttributes (247ms)
			ProcessInitializeOnLoadMethodAttributes (41ms)
			AfterProcessingInitializeOnLoad (3ms)
			EditorAssembliesLoaded (0ms)
		ExecutionOrderSort2 (0ms)
		AwakeInstancesAfterBackupRestoration (3ms)
Launched and connected shader compiler UnityShaderCompiler.exe after 0.02 seconds
Refreshing native plugins compatible for Editor in 2.41 ms, found 4 plugins.
Preloading 0 native plugins for Editor in 0.00 ms.
Unloading 6218 Unused Serialized files (Serialized files now loaded: 0)
Unloading 37 unused Assets / (347.2 KB). Loaded Objects now: 6693.
Memory consumption went from 231.1 MB to 230.8 MB.
Total: 2.307900 ms (FindLiveObjects: 0.257100 ms CreateObjectMapping: 0.088800 ms MarkObjects: 1.847900 ms  DeleteObjects: 0.113200 ms)

AssetImportParameters requested are different than current active one (requested -> active):
  custom:container-demuxer-ogg: 62fdf1f143b41e24485cea50d1cbac27 -> 
  custom:video-codec-MediaFoundation-h265: 746d11721c4dcdbdad8f713fa42b33f4 -> 
  custom:video-decoder-ogg-theora: a1e56fd34408186e4bbccfd4996cb3dc -> 
  custom:framework-win-MediaFoundation: 216162199b28c13a410421893ffa2e32 -> 
  custom:CustomObjectIndexerAttribute: 72b91833f83ae208fae7752999fa3104 -> 
  custom:container-demuxer-webm: 4f35f7cbe854078d1ac9338744f61a02 -> 
  custom:container-muxer-webm: aa71ff27fc2769a1b78a27578f13a17b -> 
  custom:video-decoder-webm-vp8: 9c59270c3fd7afecdb556c50c9e8de78 -> 
  custom:SearchIndexIgnoredProperties: e643bd26f0fe6173181afceb89e7c659 -> 
  custom:AudioImporter_EditorPlatform: d09bf68614088b80899f8185d706f6e7 -> 
  custom:video-encoder-webm-vp8: eb34c28f22e8b96e1ab97ce403110664 -> 
  custom:audio-decoder-ogg-vorbis: bf7c407c2cedff20999df2af8eb42d56 -> 
  custom:audio-encoder-webm-vorbis: bf7c407c2cedff20999df2af8eb42d56 -> 
========================================================================
Received Import Request.
  Time since last request: 3579.216108 seconds.
  path: Assets/Sprites/Flying Demon 2D Pixel Art/Flying Demon 2D Pixel Art/Sprites/with_outline/flyingDemon.anim
  artifactKey: Guid(58945ac4e54cde64ab70700f20ed5252) Importer(815301076,1909f56bfc062723c751e8b465ee728b)
Start importing Assets/Sprites/Flying Demon 2D Pixel Art/Flying Demon 2D Pixel Art/Sprites/with_outline/flyingDemon.anim using Guid(58945ac4e54cde64ab70700f20ed5252) Importer(815301076,1909f56bfc062723c751e8b465ee728b) [PhysX] Initialized MultithreadedTaskDispatcher with 28 workers.
 -> (artifact id: 'f376a9ad4b418d6b04687624fe13ed63') in 0.010130 seconds
Number of updated asset objects reloaded before import = 0
Number of asset objects unloaded after import = 1
========================================================================
Received Import Request.
  Time since last request: 5.963443 seconds.
  path: Assets
  artifactKey: Guid(00000000000000001000000000000000) Importer(815301076,1909f56bfc062723c751e8b465ee728b)
Start importing Assets using Guid(00000000000000001000000000000000) Importer(815301076,1909f56bfc062723c751e8b465ee728b) [PhysX] Initialized MultithreadedTaskDispatcher with 28 workers.
 -> (artifact id: 'ae5280ad91af67e2a353905758f96678') in 0.000302 seconds
Number of updated asset objects reloaded before import = 0
Number of asset objects unloaded after import = 0
========================================================================
Received Import Request.
  Time since last request: 9.087477 seconds.
  path: Assets/Scripts
  artifactKey: Guid(4f424f27edab649429bb66bda84bc8f4) Importer(815301076,1909f56bfc062723c751e8b465ee728b)
Start importing Assets/Scripts using Guid(4f424f27edab649429bb66bda84bc8f4) Importer(815301076,1909f56bfc062723c751e8b465ee728b) [PhysX] Initialized MultithreadedTaskDispatcher with 28 workers.
 -> (artifact id: '2c3a882fcc82eff6f51335157f1fb9c5') in 0.000325 seconds
Number of updated asset objects reloaded before import = 0
Number of asset objects unloaded after import = 0
========================================================================
Received Import Request.
  Time since last request: 7.435079 seconds.
  path: Assets/Animations
  artifactKey: Guid(01f7fa62ad4eee9499b1595697f171b8) Importer(815301076,1909f56bfc062723c751e8b465ee728b)
Start importing Assets/Animations using Guid(01f7fa62ad4eee9499b1595697f171b8) Importer(815301076,1909f56bfc062723c751e8b465ee728b) [PhysX] Initialized MultithreadedTaskDispatcher with 28 workers.
 -> (artifact id: '3ed0a6f2d819df2b8285a2ce21570dae') in 0.000451 seconds
Number of updated asset objects reloaded before import = 0
Number of asset objects unloaded after import = 0
========================================================================
Received Import Request.
  Time since last request: 2.112366 seconds.
  path: Assets/TextMesh Pro
  artifactKey: Guid(f54d1bd14bd3ca042bd867b519fee8cc) Importer(815301076,1909f56bfc062723c751e8b465ee728b)
Start importing Assets/TextMesh Pro using Guid(f54d1bd14bd3ca042bd867b519fee8cc) Importer(815301076,1909f56bfc062723c751e8b465ee728b) [PhysX] Initialized MultithreadedTaskDispatcher with 28 workers.
 -> (artifact id: '40a4b48c99806b00111ac0f8214f8e68') in 0.000317 seconds
Number of updated asset objects reloaded before import = 0
Number of asset objects unloaded after import = 0
========================================================================
Received Import Request.
  Time since last request: 0.441516 seconds.
  path: Assets/Anabel Assets
  artifactKey: Guid(df3dbd9abdf288340bafc1c402b040b4) Importer(815301076,1909f56bfc062723c751e8b465ee728b)
Start importing Assets/Anabel Assets using Guid(df3dbd9abdf288340bafc1c402b040b4) Importer(815301076,1909f56bfc062723c751e8b465ee728b) [PhysX] Initialized MultithreadedTaskDispatcher with 28 workers.
 -> (artifact id: 'afce8699abaa1411d536e762081cddc5') in 0.000314 seconds
Number of updated asset objects reloaded before import = 0
Number of asset objects unloaded after import = 0
========================================================================
Received Import Request.
  Time since last request: 0.068262 seconds.
  path: Assets/Anabel Assets/0.png
  artifactKey: Guid(0ff4e56de2f90ac44a527d8fabe1e385) Importer(815301076,1909f56bfc062723c751e8b465ee728b)
Start importing Assets/Anabel Assets/0.png using Guid(0ff4e56de2f90ac44a527d8fabe1e385) Importer(815301076,1909f56bfc062723c751e8b465ee728b) [PhysX] Initialized MultithreadedTaskDispatcher with 28 workers.
[PhysX] Initialized MultithreadedTaskDispatcher with 28 workers.
 -> (artifact id: '1154c35ab7002389756848eca96b6cac') in 0.050567 seconds
Number of updated asset objects reloaded before import = 0
Number of asset objects unloaded after import = 3
========================================================================
Received Import Request.
  Time since last request: 0.000014 seconds.
  path: Assets/Anabel Assets/4.png
  artifactKey: Guid(cef8074237fc1854a9f0a80106c8a6c9) Importer(815301076,1909f56bfc062723c751e8b465ee728b)
Start importing Assets/Anabel Assets/4.png using Guid(cef8074237fc1854a9f0a80106c8a6c9) Importer(815301076,1909f56bfc062723c751e8b465ee728b) [PhysX] Initialized MultithreadedTaskDispatcher with 28 workers.
[PhysX] Initialized MultithreadedTaskDispatcher with 28 workers.
 -> (artifact id: '26d3aee4f18e987c57ff310ca02ceda5') in 0.010410 seconds
Number of updated asset objects reloaded before import = 0
Number of asset objects unloaded after import = 3
========================================================================
Received Import Request.
  Time since last request: 0.000014 seconds.
  path: Assets/Anabel Assets/crystal_5_32x32_12f_20d_normal.png
  artifactKey: Guid(1c564baf9b8a6644bb3ffc962704dfaf) Importer(815301076,1909f56bfc062723c751e8b465ee728b)
Start importing Assets/Anabel Assets/crystal_5_32x32_12f_20d_normal.png using Guid(1c564baf9b8a6644bb3ffc962704dfaf) Importer(815301076,1909f56bfc062723c751e8b465ee728b) [PhysX] Initialized MultithreadedTaskDispatcher with 28 workers.
[PhysX] Initialized MultithreadedTaskDispatcher with 28 workers.
 -> (artifact id: '460b07ea26f512d632f216c767a735dc') in 0.008821 seconds
Number of updated asset objects reloaded before import = 0
Number of asset objects unloaded after import = 3
========================================================================
Received Import Request.
  Time since last request: 0.000017 seconds.
  path: Assets/Anabel Assets/Triangle Spruce Tree - NIGHT - 0001.png
  artifactKey: Guid(0c826e339d542b54396b225bd330dc48) Importer(815301076,1909f56bfc062723c751e8b465ee728b)
Start importing Assets/Anabel Assets/Triangle Spruce Tree - NIGHT - 0001.png using Guid(0c826e339d542b54396b225bd330dc48) Importer(815301076,1909f56bfc062723c751e8b465ee728b) [PhysX] Initialized MultithreadedTaskDispatcher with 28 workers.
[PhysX] Initialized MultithreadedTaskDispatcher with 28 workers.
 -> (artifact id: '88162fbbd79c666a30993d969debbdf6') in 0.010920 seconds
Number of updated asset objects reloaded before import = 0
Number of asset objects unloaded after import = 3
========================================================================
Received Import Request.
  Time since last request: 0.000013 seconds.
  path: Assets/Anabel Assets/Triangle Spruce Tree - YELLOW - 0000.png
  artifactKey: Guid(3772ed86fc5d4cb43b64745c911115b4) Importer(815301076,1909f56bfc062723c751e8b465ee728b)
Start importing Assets/Anabel Assets/Triangle Spruce Tree - YELLOW - 0000.png using Guid(3772ed86fc5d4cb43b64745c911115b4) Importer(815301076,1909f56bfc062723c751e8b465ee728b) [PhysX] Initialized MultithreadedTaskDispatcher with 28 workers.
[PhysX] Initialized MultithreadedTaskDispatcher with 28 workers.
 -> (artifact id: 'ea445f50efdcbfa7b70e982e64a88fd3') in 0.009358 seconds
Number of updated asset objects reloaded before import = 0
Number of asset objects unloaded after import = 3
========================================================================
Received Import Request.
  Time since last request: 0.000012 seconds.
  path: Assets/Anabel Assets/WaterFall(Water).png
  artifactKey: Guid(227d491e63c75f340b201e2f8eeae596) Importer(815301076,1909f56bfc062723c751e8b465ee728b)
Start importing Assets/Anabel Assets/WaterFall(Water).png using Guid(227d491e63c75f340b201e2f8eeae596) Importer(815301076,1909f56bfc062723c751e8b465ee728b) [PhysX] Initialized MultithreadedTaskDispatcher with 28 workers.
[PhysX] Initialized MultithreadedTaskDispatcher with 28 workers.
 -> (artifact id: '96f71e6fa773dcfeb87e1bebcaee3d88') in 0.017758 seconds
Number of updated asset objects reloaded before import = 0
Number of asset objects unloaded after import = 8
========================================================================
Received Import Request.
  Time since last request: 0.000014 seconds.
  path: Assets/Anabel Assets/Crystal.prefab
  artifactKey: Guid(88f4cdcf8d83531418ebf0a8962645a0) Importer(815301076,1909f56bfc062723c751e8b465ee728b)
Start importing Assets/Anabel Assets/Crystal.prefab using Guid(88f4cdcf8d83531418ebf0a8962645a0) Importer(815301076,1909f56bfc062723c751e8b465ee728b) [PhysX] Initialized MultithreadedTaskDispatcher with 28 workers.
[PhysX] Initialized MultithreadedTaskDispatcher with 28 workers.
 -> (artifact id: '0942d366bf2cd445d4e73a0a439c68e8') in 0.119701 seconds
Number of updated asset objects reloaded before import = 0
Number of asset objects unloaded after import = 41
========================================================================
Received Import Request.
  Time since last request: 0.000019 seconds.
  path: Assets/Anabel Assets/New Palette.prefab
  artifactKey: Guid(472ecc8218835ab40949b3f23ac29b97) Importer(815301076,1909f56bfc062723c751e8b465ee728b)
Start importing Assets/Anabel Assets/New Palette.prefab using Guid(472ecc8218835ab40949b3f23ac29b97) Importer(815301076,1909f56bfc062723c751e8b465ee728b) [PhysX] Initialized MultithreadedTaskDispatcher with 28 workers.
[PhysX] Initialized MultithreadedTaskDispatcher with 28 workers.
 -> (artifact id: '1a8c0d571ac209efa34122985f559dc4') in 0.023285 seconds
Number of updated asset objects reloaded before import = 0
Number of asset objects unloaded after import = 134
========================================================================
Received Import Request.
  Time since last request: 0.000023 seconds.
  path: Assets/Anabel Assets/GEM 4 - LILAC - Spritesheet.png
  artifactKey: Guid(249203a5007c4f446922b37ab3bba1e0) Importer(815301076,1909f56bfc062723c751e8b465ee728b)
Start importing Assets/Anabel Assets/GEM 4 - LILAC - Spritesheet.png using Guid(249203a5007c4f446922b37ab3bba1e0) Importer(815301076,1909f56bfc062723c751e8b465ee728b) [PhysX] Initialized MultithreadedTaskDispatcher with 28 workers.
[PhysX] Initialized MultithreadedTaskDispatcher with 28 workers.
 -> (artifact id: '87f7d6e783a1618b149dda8b8e985058') in 0.021542 seconds
Number of updated asset objects reloaded before import = 0
Number of asset objects unloaded after import = 13
========================================================================
Received Import Request.
  Time since last request: 3.239916 seconds.
  path: Assets/Anabel Assets/free_crystal_dark_frakassets
  artifactKey: Guid(5ff2d2f0e3fd46d46911c490fd0e2033) Importer(815301076,1909f56bfc062723c751e8b465ee728b)
Start importing Assets/Anabel Assets/free_crystal_dark_frakassets using Guid(5ff2d2f0e3fd46d46911c490fd0e2033) Importer(815301076,1909f56bfc062723c751e8b465ee728b) [PhysX] Initialized MultithreadedTaskDispatcher with 28 workers.
 -> (artifact id: '769e9c69d2418f569c5d9deb49b93a01') in 0.000385 seconds
Number of updated asset objects reloaded before import = 0
Number of asset objects unloaded after import = 0
========================================================================
Received Import Request.
  Time since last request: 0.073920 seconds.
  path: Assets/Anabel Assets/free_crystal_dark_frakassets/crystal_dark_32x32_12f_20d.png
  artifactKey: Guid(9647926de90fd6b40a378348fc2b62be) Importer(815301076,1909f56bfc062723c751e8b465ee728b)
Start importing Assets/Anabel Assets/free_crystal_dark_frakassets/crystal_dark_32x32_12f_20d.png using Guid(9647926de90fd6b40a378348fc2b62be) Importer(815301076,1909f56bfc062723c751e8b465ee728b) [PhysX] Initialized MultithreadedTaskDispatcher with 28 workers.
[PhysX] Initialized MultithreadedTaskDispatcher with 28 workers.
 -> (artifact id: 'a8c2cb22f78c22d1c76c91514caecbac') in 0.012050 seconds
Number of updated asset objects reloaded before import = 0
Number of asset objects unloaded after import = 3
========================================================================
Received Import Request.
  Time since last request: 0.000015 seconds.
  path: Assets/Anabel Assets/free_crystal_dark_frakassets/crystal_dark_64x64_24f_20d_no_light.png
  artifactKey: Guid(de0c5ab55e55b5741bc2400df99a0849) Importer(815301076,1909f56bfc062723c751e8b465ee728b)
Start importing Assets/Anabel Assets/free_crystal_dark_frakassets/crystal_dark_64x64_24f_20d_no_light.png using Guid(de0c5ab55e55b5741bc2400df99a0849) Importer(815301076,1909f56bfc062723c751e8b465ee728b) [PhysX] Initialized MultithreadedTaskDispatcher with 28 workers.
[PhysX] Initialized MultithreadedTaskDispatcher with 28 workers.
 -> (artifact id: 'c697efc19a6054266e0e5d1c50c18a9d') in 0.010173 seconds
Number of updated asset objects reloaded before import = 0
Number of asset objects unloaded after import = 3
========================================================================
Received Import Request.
  Time since last request: 0.000016 seconds.
  path: Assets/Anabel Assets/free_crystal_dark_frakassets/crystal_dark_32x32_12f_20d_normal.png
  artifactKey: Guid(51594ab5b8c963045bf5f3221f80afc2) Importer(815301076,1909f56bfc062723c751e8b465ee728b)
Start importing Assets/Anabel Assets/free_crystal_dark_frakassets/crystal_dark_32x32_12f_20d_normal.png using Guid(51594ab5b8c963045bf5f3221f80afc2) Importer(815301076,1909f56bfc062723c751e8b465ee728b) [PhysX] Initialized MultithreadedTaskDispatcher with 28 workers.
[PhysX] Initialized MultithreadedTaskDispatcher with 28 workers.
 -> (artifact id: '39428607a8977942844bc5fb13da1249') in 0.007708 seconds
Number of updated asset objects reloaded before import = 0
Number of asset objects unloaded after import = 2
========================================================================
Received Import Request.
  Time since last request: 0.000016 seconds.
  path: Assets/Anabel Assets/free_crystal_dark_frakassets/crystal_dark_64x64_12f_20d_normal.png
  artifactKey: Guid(fc4e797a757cbc14fbb7191159263046) Importer(815301076,1909f56bfc062723c751e8b465ee728b)
Start importing Assets/Anabel Assets/free_crystal_dark_frakassets/crystal_dark_64x64_12f_20d_normal.png using Guid(fc4e797a757cbc14fbb7191159263046) Importer(815301076,1909f56bfc062723c751e8b465ee728b) [PhysX] Initialized MultithreadedTaskDispatcher with 28 workers.
[PhysX] Initialized MultithreadedTaskDispatcher with 28 workers.
 -> (artifact id: '8754a17355f7ae78bd7739e29a3b0641') in 0.009356 seconds
Number of updated asset objects reloaded before import = 0
Number of asset objects unloaded after import = 3
========================================================================
Received Import Request.
  Time since last request: 0.000017 seconds.
  path: Assets/Anabel Assets/free_crystal_dark_frakassets/crystal_dark_32x32_24f_20d_no_light_no_border.png
  artifactKey: Guid(a852d61f68e4f564f82bf5af431496db) Importer(815301076,1909f56bfc062723c751e8b465ee728b)
Start importing Assets/Anabel Assets/free_crystal_dark_frakassets/crystal_dark_32x32_24f_20d_no_light_no_border.png using Guid(a852d61f68e4f564f82bf5af431496db) Importer(815301076,1909f56bfc062723c751e8b465ee728b) [PhysX] Initialized MultithreadedTaskDispatcher with 28 workers.
[PhysX] Initialized MultithreadedTaskDispatcher with 28 workers.
 -> (artifact id: 'e7684d96890d9d6bf96ca1e347959198') in 0.010911 seconds
Number of updated asset objects reloaded before import = 0
Number of asset objects unloaded after import = 3
========================================================================
Received Import Request.
  Time since last request: 0.000015 seconds.
  path: Assets/Anabel Assets/free_crystal_dark_frakassets/crystal_dark_64x64_12f_20d_no_light.png
  artifactKey: Guid(8a0515eb1f78161498d6e705c6c84d94) Importer(815301076,1909f56bfc062723c751e8b465ee728b)
Start importing Assets/Anabel Assets/free_crystal_dark_frakassets/crystal_dark_64x64_12f_20d_no_light.png using Guid(8a0515eb1f78161498d6e705c6c84d94) Importer(815301076,1909f56bfc062723c751e8b465ee728b) [PhysX] Initialized MultithreadedTaskDispatcher with 28 workers.
[PhysX] Initialized MultithreadedTaskDispatcher with 28 workers.
 -> (artifact id: 'd2d9e4a46f6f346d5d7050dc085fc507') in 0.009974 seconds
Number of updated asset objects reloaded before import = 0
Number of asset objects unloaded after import = 3
========================================================================
Received Import Request.
  Time since last request: 0.000015 seconds.
  path: Assets/Anabel Assets/free_crystal_dark_frakassets/crystal_dark_32x32_12f_20d_no_light_no_border.png
  artifactKey: Guid(f6715f72d7adf0f43a77162160a314a8) Importer(815301076,1909f56bfc062723c751e8b465ee728b)
Start importing Assets/Anabel Assets/free_crystal_dark_frakassets/crystal_dark_32x32_12f_20d_no_light_no_border.png using Guid(f6715f72d7adf0f43a77162160a314a8) Importer(815301076,1909f56bfc062723c751e8b465ee728b) [PhysX] Initialized MultithreadedTaskDispatcher with 28 workers.
[PhysX] Initialized MultithreadedTaskDispatcher with 28 workers.
 -> (artifact id: '780b810add7a5dffe03cebe52d689372') in 0.009874 seconds
Number of updated asset objects reloaded before import = 0
Number of asset objects unloaded after import = 3
========================================================================
Received Import Request.
  Time since last request: 6.189325 seconds.
  path: Assets/Plugins
  artifactKey: Guid(4d63ffa9d8e5d1243928b1abd06f3647) Importer(815301076,1909f56bfc062723c751e8b465ee728b)
Start importing Assets/Plugins using Guid(4d63ffa9d8e5d1243928b1abd06f3647) Importer(815301076,1909f56bfc062723c751e8b465ee728b) [PhysX] Initialized MultithreadedTaskDispatcher with 28 workers.
 -> (artifact id: '1e88a5083dfc2b1182d076acb9be6054') in 0.000347 seconds
Number of updated asset objects reloaded before import = 0
Number of asset objects unloaded after import = 0
========================================================================
Received Import Request.
  Time since last request: 4.282883 seconds.
  path: Assets/Sounds
  artifactKey: Guid(ae8e8127352f99849b16ef2844571441) Importer(815301076,1909f56bfc062723c751e8b465ee728b)
Start importing Assets/Sounds using Guid(ae8e8127352f99849b16ef2844571441) Importer(815301076,1909f56bfc062723c751e8b465ee728b) [PhysX] Initialized MultithreadedTaskDispatcher with 28 workers.
 -> (artifact id: '3a36c2aeb1bf5a90a0ea904bdbe671e6') in 0.000327 seconds
Number of updated asset objects reloaded before import = 0
Number of asset objects unloaded after import = 0
========================================================================
Received Import Request.
  Time since last request: 0.062185 seconds.
  path: Assets/Sounds/1 - Astro Reverie (Loop).mp3
  artifactKey: Guid(b5e087c5722f965478f441e3a8cb630c) Importer(815301076,1909f56bfc062723c751e8b465ee728b)
Start importing Assets/Sounds/1 - Astro Reverie (Loop).mp3 using Guid(b5e087c5722f965478f441e3a8cb630c) Importer(815301076,1909f56bfc062723c751e8b465ee728b) [PhysX] Initialized MultithreadedTaskDispatcher with 28 workers.
[PhysX] Initialized MultithreadedTaskDispatcher with 28 workers.
 -> (artifact id: '1747278bb6373115b061a3293d8790ef') in 0.051560 seconds
Number of updated asset objects reloaded before import = 0
Number of asset objects unloaded after import = 2
========================================================================
Received Import Request.
  Time since last request: 0.000018 seconds.
  path: Assets/Sounds/DavidKBD - Cosmic Pack 04 - Orbit Oddyseey-full.ogg
  artifactKey: Guid(823662faf969aae45abec4e3845e4fcb) Importer(815301076,1909f56bfc062723c751e8b465ee728b)
Start importing Assets/Sounds/DavidKBD - Cosmic Pack 04 - Orbit Oddyseey-full.ogg using Guid(823662faf969aae45abec4e3845e4fcb) Importer(815301076,1909f56bfc062723c751e8b465ee728b) [PhysX] Initialized MultithreadedTaskDispatcher with 28 workers.
[PhysX] Initialized MultithreadedTaskDispatcher with 28 workers.
 -> (artifact id: 'f4e942c13b2ad122d4eda90d63d7c3f3') in 0.024268 seconds
Number of updated asset objects reloaded before import = 0
Number of asset objects unloaded after import = 2
========================================================================
Received Import Request.
  Time since last request: 0.000023 seconds.
  path: Assets/Sounds/DavidKBD - Cosmic Pack 03 - Nebula Run-full.ogg
  artifactKey: Guid(6cabfd934c5b0d54497993177fa346c8) Importer(815301076,1909f56bfc062723c751e8b465ee728b)
Start importing Assets/Sounds/DavidKBD - Cosmic Pack 03 - Nebula Run-full.ogg using Guid(6cabfd934c5b0d54497993177fa346c8) Importer(815301076,1909f56bfc062723c751e8b465ee728b) [PhysX] Initialized MultithreadedTaskDispatcher with 28 workers.
[PhysX] Initialized MultithreadedTaskDispatcher with 28 workers.
 -> (artifact id: 'c482f7ffd4935c45a5a24c2d20ab2d04') in 0.031586 seconds
Number of updated asset objects reloaded before import = 0
Number of asset objects unloaded after import = 2
========================================================================
Received Import Request.
  Time since last request: 0.000015 seconds.
  path: Assets/Sounds/DavidKBD - Cosmic Pack 05 - Stellar Confrontation-full.ogg
  artifactKey: Guid(16f9a3626332fba4b86b8d6439a24b11) Importer(815301076,1909f56bfc062723c751e8b465ee728b)
Start importing Assets/Sounds/DavidKBD - Cosmic Pack 05 - Stellar Confrontation-full.ogg using Guid(16f9a3626332fba4b86b8d6439a24b11) Importer(815301076,1909f56bfc062723c751e8b465ee728b) [PhysX] Initialized MultithreadedTaskDispatcher with 28 workers.
[PhysX] Initialized MultithreadedTaskDispatcher with 28 workers.
 -> (artifact id: 'd111380d3af6941966c44a6173324717') in 0.013229 seconds
Number of updated asset objects reloaded before import = 0
Number of asset objects unloaded after import = 2
========================================================================
Received Import Request.
  Time since last request: 0.000018 seconds.
  path: Assets/Sounds/3 - Lunar Serenity (Loop).mp3
  artifactKey: Guid(4a26f3c67c0d0894a974ecb21e9fd035) Importer(815301076,1909f56bfc062723c751e8b465ee728b)
Start importing Assets/Sounds/3 - Lunar Serenity (Loop).mp3 using Guid(4a26f3c67c0d0894a974ecb21e9fd035) Importer(815301076,1909f56bfc062723c751e8b465ee728b) [PhysX] Initialized MultithreadedTaskDispatcher with 28 workers.
[PhysX] Initialized MultithreadedTaskDispatcher with 28 workers.
 -> (artifact id: '6098ff1ffa12fc382e891afc2c46e846') in 0.009380 seconds
Number of updated asset objects reloaded before import = 0
Number of asset objects unloaded after import = 2
========================================================================
Received Import Request.
  Time since last request: 0.000015 seconds.
  path: Assets/Sounds/2 - Galactic Odyssey (Loop).mp3
  artifactKey: Guid(3d7432190ba961c43bf2775be04d8a7e) Importer(815301076,1909f56bfc062723c751e8b465ee728b)
Start importing Assets/Sounds/2 - Galactic Odyssey (Loop).mp3 using Guid(3d7432190ba961c43bf2775be04d8a7e) Importer(815301076,1909f56bfc062723c751e8b465ee728b) [PhysX] Initialized MultithreadedTaskDispatcher with 28 workers.
[PhysX] Initialized MultithreadedTaskDispatcher with 28 workers.
 -> (artifact id: 'b1ad5a1552dd96fb8ea4e8e753bdbf16') in 0.007798 seconds
Number of updated asset objects reloaded before import = 0
Number of asset objects unloaded after import = 2
========================================================================
Received Import Request.
  Time since last request: 0.000017 seconds.
  path: Assets/Sounds/rumble.mp3
  artifactKey: Guid(48b551c869207844387f0100f7fa8211) Importer(815301076,1909f56bfc062723c751e8b465ee728b)
Start importing Assets/Sounds/rumble.mp3 using Guid(48b551c869207844387f0100f7fa8211) Importer(815301076,1909f56bfc062723c751e8b465ee728b) [PhysX] Initialized MultithreadedTaskDispatcher with 28 workers.
[PhysX] Initialized MultithreadedTaskDispatcher with 28 workers.
 -> (artifact id: '12155cebf5b8347783239edaeb262a76') in 0.008633 seconds
Number of updated asset objects reloaded before import = 0
Number of asset objects unloaded after import = 2
========================================================================
Received Import Request.
  Time since last request: 1.134923 seconds.
  path: Assets/Sounds/Space Music Pack
  artifactKey: Guid(f44626d5437d8ad43acac90c341aa479) Importer(815301076,1909f56bfc062723c751e8b465ee728b)
Start importing Assets/Sounds/Space Music Pack using Guid(f44626d5437d8ad43acac90c341aa479) Importer(815301076,1909f56bfc062723c751e8b465ee728b) [PhysX] Initialized MultithreadedTaskDispatcher with 28 workers.
 -> (artifact id: '367404b6a6db21434461740d5e302f9e') in 0.000316 seconds
Number of updated asset objects reloaded before import = 0
Number of asset objects unloaded after import = 0
========================================================================
Received Import Request.
  Time since last request: 0.062703 seconds.
  path: Assets/Sounds/Space Music Pack/battle.wav
  artifactKey: Guid(a0a4066ad28bb1d45befad549a276611) Importer(815301076,1909f56bfc062723c751e8b465ee728b)
Start importing Assets/Sounds/Space Music Pack/battle.wav using Guid(a0a4066ad28bb1d45befad549a276611) Importer(815301076,1909f56bfc062723c751e8b465ee728b) [PhysX] Initialized MultithreadedTaskDispatcher with 28 workers.
[PhysX] Initialized MultithreadedTaskDispatcher with 28 workers.
 -> (artifact id: '0b04923ab5e2ab52c9bd424f64a79ee5') in 0.011176 seconds
Number of updated asset objects reloaded before import = 0
Number of asset objects unloaded after import = 2
========================================================================
Received Import Request.
  Time since last request: 0.000017 seconds.
  path: Assets/Sounds/Space Music Pack/meet-the-princess.wav
  artifactKey: Guid(a488961395bf9fc43a1576fc8faa2c6a) Importer(815301076,1909f56bfc062723c751e8b465ee728b)
Start importing Assets/Sounds/Space Music Pack/meet-the-princess.wav using Guid(a488961395bf9fc43a1576fc8faa2c6a) Importer(815301076,1909f56bfc062723c751e8b465ee728b) [PhysX] Initialized MultithreadedTaskDispatcher with 28 workers.
[PhysX] Initialized MultithreadedTaskDispatcher with 28 workers.
 -> (artifact id: '15b4ac8f7a9885fb3febe3d1f440f577') in 0.009173 seconds
Number of updated asset objects reloaded before import = 0
Number of asset objects unloaded after import = 2
========================================================================
Received Import Request.
  Time since last request: 1.045456 seconds.
  path: Assets/Sounds/Space Music Pack/fx
  artifactKey: Guid(696acfe1995391640905e6289970142a) Importer(815301076,1909f56bfc062723c751e8b465ee728b)
Start importing Assets/Sounds/Space Music Pack/fx using Guid(696acfe1995391640905e6289970142a) Importer(815301076,1909f56bfc062723c751e8b465ee728b) [PhysX] Initialized MultithreadedTaskDispatcher with 28 workers.
 -> (artifact id: 'a2dbb417c2b233995d8c2a60a85d7ea6') in 0.000329 seconds
Number of updated asset objects reloaded before import = 0
Number of asset objects unloaded after import = 0
========================================================================
Received Import Request.
  Time since last request: 0.046603 seconds.
  path: Assets/Sounds/Space Music Pack/fx/alien-talk-1.wav
  artifactKey: Guid(976284c417a087146ae1807842fc8264) Importer(815301076,1909f56bfc062723c751e8b465ee728b)
Start importing Assets/Sounds/Space Music Pack/fx/alien-talk-1.wav using Guid(976284c417a087146ae1807842fc8264) Importer(815301076,1909f56bfc062723c751e8b465ee728b) [PhysX] Initialized MultithreadedTaskDispatcher with 28 workers.
[PhysX] Initialized MultithreadedTaskDispatcher with 28 workers.
 -> (artifact id: 'd4ccc9191c4e86c515fa5a643bf4899c') in 0.009327 seconds
Number of updated asset objects reloaded before import = 0
Number of asset objects unloaded after import = 2
========================================================================
Received Import Request.
  Time since last request: 0.000021 seconds.
  path: Assets/Sounds/Space Music Pack/fx/start-level.wav
  artifactKey: Guid(c2ae92fb122190a4981a5284d20fda55) Importer(815301076,1909f56bfc062723c751e8b465ee728b)
Start importing Assets/Sounds/Space Music Pack/fx/start-level.wav using Guid(c2ae92fb122190a4981a5284d20fda55) Importer(815301076,1909f56bfc062723c751e8b465ee728b) [PhysX] Initialized MultithreadedTaskDispatcher with 28 workers.
[PhysX] Initialized MultithreadedTaskDispatcher with 28 workers.
 -> (artifact id: '38e6e194a518a4ec0da8b57a09475b59') in 0.012765 seconds
Number of updated asset objects reloaded before import = 0
Number of asset objects unloaded after import = 2
========================================================================
Received Import Request.
  Time since last request: 8.731792 seconds.
  path: Assets/Sounds/Female Voice Clips (1)
  artifactKey: Guid(0e06a78897a6e984ba1eda0cdcc17a1f) Importer(815301076,1909f56bfc062723c751e8b465ee728b)
Start importing Assets/Sounds/Female Voice Clips (1) using Guid(0e06a78897a6e984ba1eda0cdcc17a1f) Importer(815301076,1909f56bfc062723c751e8b465ee728b) [PhysX] Initialized MultithreadedTaskDispatcher with 28 workers.
 -> (artifact id: '56beb938077dbfdee704b9ab36f0eb17') in 0.000329 seconds
Number of updated asset objects reloaded before import = 0
Number of asset objects unloaded after import = 0
========================================================================
Received Import Request.
  Time since last request: 0.978419 seconds.
  path: Assets/Sounds/Female Voice Clips (1)/__MACOSX
  artifactKey: Guid(80189ebb3a7d0fd47a1c20f9297424c0) Importer(815301076,1909f56bfc062723c751e8b465ee728b)
Start importing Assets/Sounds/Female Voice Clips (1)/__MACOSX using Guid(80189ebb3a7d0fd47a1c20f9297424c0) Importer(815301076,1909f56bfc062723c751e8b465ee728b) [PhysX] Initialized MultithreadedTaskDispatcher with 28 workers.
 -> (artifact id: 'f2f11f129c57f0cd17c8e897b7b50cd7') in 0.000328 seconds
Number of updated asset objects reloaded before import = 0
Number of asset objects unloaded after import = 0
========================================================================
Received Import Request.
  Time since last request: 0.210253 seconds.
  path: Assets/Sounds/Female Voice Clips (1)/Female Voice Clips
  artifactKey: Guid(570a7465ffb31f34e9cc216836697c33) Importer(815301076,1909f56bfc062723c751e8b465ee728b)
Start importing Assets/Sounds/Female Voice Clips (1)/Female Voice Clips using Guid(570a7465ffb31f34e9cc216836697c33) Importer(815301076,1909f56bfc062723c751e8b465ee728b) [PhysX] Initialized MultithreadedTaskDispatcher with 28 workers.
 -> (artifact id: 'e509fb696229f6800f6b48e65abe6e3a') in 0.000333 seconds
Number of updated asset objects reloaded before import = 0
Number of asset objects unloaded after import = 0
========================================================================
Received Import Request.
  Time since last request: 0.972550 seconds.
  path: Assets/Sounds/Female Voice Clips (1)/Female Voice Clips/Audio
  artifactKey: Guid(1b0049f57ce3e6e40886b6a9ae1fac53) Importer(815301076,1909f56bfc062723c751e8b465ee728b)
Start importing Assets/Sounds/Female Voice Clips (1)/Female Voice Clips/Audio using Guid(1b0049f57ce3e6e40886b6a9ae1fac53) Importer(815301076,1909f56bfc062723c751e8b465ee728b) [PhysX] Initialized MultithreadedTaskDispatcher with 28 workers.
 -> (artifact id: '9352d0b54db522476f1679908d26d458') in 0.000329 seconds
Number of updated asset objects reloaded before import = 0
Number of asset objects unloaded after import = 0
========================================================================
Received Import Request.
  Time since last request: 0.064601 seconds.
  path: Assets/Sounds/Female Voice Clips (1)/Female Voice Clips/Audio/All Done!.wav
  artifactKey: Guid(6e597178777a9154f8b13d281b088006) Importer(815301076,1909f56bfc062723c751e8b465ee728b)
Start importing Assets/Sounds/Female Voice Clips (1)/Female Voice Clips/Audio/All Done!.wav using Guid(6e597178777a9154f8b13d281b088006) Importer(815301076,1909f56bfc062723c751e8b465ee728b) [PhysX] Initialized MultithreadedTaskDispatcher with 28 workers.
[PhysX] Initialized MultithreadedTaskDispatcher with 28 workers.
 -> (artifact id: 'f158d7474ce0bad338bffd851e7b7aa4') in 0.008286 seconds
Number of updated asset objects reloaded before import = 0
Number of asset objects unloaded after import = 2
========================================================================
Received Import Request.
  Time since last request: 0.000016 seconds.
  path: Assets/Sounds/Female Voice Clips (1)/Female Voice Clips/Audio/Laugh.wav
  artifactKey: Guid(73f7de6cb432b744391b06eda579878b) Importer(815301076,1909f56bfc062723c751e8b465ee728b)
Start importing Assets/Sounds/Female Voice Clips (1)/Female Voice Clips/Audio/Laugh.wav using Guid(73f7de6cb432b744391b06eda579878b) Importer(815301076,1909f56bfc062723c751e8b465ee728b) [PhysX] Initialized MultithreadedTaskDispatcher with 28 workers.
[PhysX] Initialized MultithreadedTaskDispatcher with 28 workers.
 -> (artifact id: '7e9c6853a7c6c61782724f8fc5bd2c90') in 0.008447 seconds
Number of updated asset objects reloaded before import = 0
Number of asset objects unloaded after import = 2
========================================================================
Received Import Request.
  Time since last request: 0.000021 seconds.
  path: Assets/Sounds/Female Voice Clips (1)/Female Voice Clips/Audio/Hi.wav
  artifactKey: Guid(c878733b53929cf4c923c979d9dd0c98) Importer(815301076,1909f56bfc062723c751e8b465ee728b)
Start importing Assets/Sounds/Female Voice Clips (1)/Female Voice Clips/Audio/Hi.wav using Guid(c878733b53929cf4c923c979d9dd0c98) Importer(815301076,1909f56bfc062723c751e8b465ee728b) [PhysX] Initialized MultithreadedTaskDispatcher with 28 workers.
[PhysX] Initialized MultithreadedTaskDispatcher with 28 workers.
 -> (artifact id: 'b321725b8f2c3d7ab776c182d9692919') in 0.011390 seconds
Number of updated asset objects reloaded before import = 0
Number of asset objects unloaded after import = 2
========================================================================
Received Import Request.
  Time since last request: 0.000015 seconds.
  path: Assets/Sounds/Female Voice Clips (1)/Female Voice Clips/Audio/What.wav
  artifactKey: Guid(4b796a1a34f82854a9b079373aef8bad) Importer(815301076,1909f56bfc062723c751e8b465ee728b)
Start importing Assets/Sounds/Female Voice Clips (1)/Female Voice Clips/Audio/What.wav using Guid(4b796a1a34f82854a9b079373aef8bad) Importer(815301076,1909f56bfc062723c751e8b465ee728b) [PhysX] Initialized MultithreadedTaskDispatcher with 28 workers.
[PhysX] Initialized MultithreadedTaskDispatcher with 28 workers.
 -> (artifact id: 'cf00c7d733ed6dc731e39dacc2aeda4e') in 0.008882 seconds
Number of updated asset objects reloaded before import = 0
Number of asset objects unloaded after import = 2
========================================================================
Received Import Request.
  Time since last request: 0.000015 seconds.
  path: Assets/Sounds/Female Voice Clips (1)/Female Voice Clips/Audio/Hey.wav
  artifactKey: Guid(6d5564ea33c104a4da77560052ba030c) Importer(815301076,1909f56bfc062723c751e8b465ee728b)
Start importing Assets/Sounds/Female Voice Clips (1)/Female Voice Clips/Audio/Hey.wav using Guid(6d5564ea33c104a4da77560052ba030c) Importer(815301076,1909f56bfc062723c751e8b465ee728b) [PhysX] Initialized MultithreadedTaskDispatcher with 28 workers.
[PhysX] Initialized MultithreadedTaskDispatcher with 28 workers.
 -> (artifact id: '6cfa4b710c17bae50b5b300ac1344e38') in 0.009269 seconds
Number of updated asset objects reloaded before import = 0
Number of asset objects unloaded after import = 2
========================================================================
Received Import Request.
  Time since last request: 0.000022 seconds.
  path: Assets/Sounds/Female Voice Clips (1)/Female Voice Clips/Audio/Cya.wav
  artifactKey: Guid(418f4f8b8f7e71c40b5f42c1be3eef01) Importer(815301076,1909f56bfc062723c751e8b465ee728b)
Start importing Assets/Sounds/Female Voice Clips (1)/Female Voice Clips/Audio/Cya.wav using Guid(418f4f8b8f7e71c40b5f42c1be3eef01) Importer(815301076,1909f56bfc062723c751e8b465ee728b) [PhysX] Initialized MultithreadedTaskDispatcher with 28 workers.
[PhysX] Initialized MultithreadedTaskDispatcher with 28 workers.
 -> (artifact id: 'c7a3664b56cc0400933d41a8fe16e7bf') in 0.009682 seconds
Number of updated asset objects reloaded before import = 0
Number of asset objects unloaded after import = 2
========================================================================
Received Import Request.
  Time since last request: 0.000017 seconds.
  path: Assets/Sounds/Female Voice Clips (1)/Female Voice Clips/Audio/Goodbye.wav
  artifactKey: Guid(747d990f6aee0f44a807f44618ede94f) Importer(815301076,1909f56bfc062723c751e8b465ee728b)
Start importing Assets/Sounds/Female Voice Clips (1)/Female Voice Clips/Audio/Goodbye.wav using Guid(747d990f6aee0f44a807f44618ede94f) Importer(815301076,1909f56bfc062723c751e8b465ee728b) [PhysX] Initialized MultithreadedTaskDispatcher with 28 workers.
[PhysX] Initialized MultithreadedTaskDispatcher with 28 workers.
 -> (artifact id: 'afe1e7f549c43ff863b31c35894974fe') in 0.008902 seconds
Number of updated asset objects reloaded before import = 0
Number of asset objects unloaded after import = 2
========================================================================
Received Import Request.
  Time since last request: 0.000017 seconds.
  path: Assets/Sounds/Female Voice Clips (1)/Female Voice Clips/Audio/Never.wav
  artifactKey: Guid(61f47921ddc8194498a59d664e9d60b1) Importer(815301076,1909f56bfc062723c751e8b465ee728b)
Start importing Assets/Sounds/Female Voice Clips (1)/Female Voice Clips/Audio/Never.wav using Guid(61f47921ddc8194498a59d664e9d60b1) Importer(815301076,1909f56bfc062723c751e8b465ee728b) [PhysX] Initialized MultithreadedTaskDispatcher with 28 workers.
[PhysX] Initialized MultithreadedTaskDispatcher with 28 workers.
 -> (artifact id: 'bc0a522879c90d35068be2a747abfe0e') in 0.008838 seconds
Number of updated asset objects reloaded before import = 0
Number of asset objects unloaded after import = 2
========================================================================
Received Import Request.
  Time since last request: 0.000016 seconds.
  path: Assets/Sounds/Female Voice Clips (1)/Female Voice Clips/Audio/Whats up.wav
  artifactKey: Guid(2cb8aaf3035bd684e97047e2efb5bbce) Importer(815301076,1909f56bfc062723c751e8b465ee728b)
Start importing Assets/Sounds/Female Voice Clips (1)/Female Voice Clips/Audio/Whats up.wav using Guid(2cb8aaf3035bd684e97047e2efb5bbce) Importer(815301076,1909f56bfc062723c751e8b465ee728b) [PhysX] Initialized MultithreadedTaskDispatcher with 28 workers.
[PhysX] Initialized MultithreadedTaskDispatcher with 28 workers.
 -> (artifact id: 'd29385e07125fefc3c2207ff74717121') in 0.009045 seconds
Number of updated asset objects reloaded before import = 0
Number of asset objects unloaded after import = 2
========================================================================
Received Import Request.
  Time since last request: 0.000014 seconds.
  path: Assets/Sounds/Female Voice Clips (1)/Female Voice Clips/Audio/Yes.wav
  artifactKey: Guid(2fe505573f03ced4ba8fe6eaa7dd2f53) Importer(815301076,1909f56bfc062723c751e8b465ee728b)
Start importing Assets/Sounds/Female Voice Clips (1)/Female Voice Clips/Audio/Yes.wav using Guid(2fe505573f03ced4ba8fe6eaa7dd2f53) Importer(815301076,1909f56bfc062723c751e8b465ee728b) [PhysX] Initialized MultithreadedTaskDispatcher with 28 workers.
[PhysX] Initialized MultithreadedTaskDispatcher with 28 workers.
 -> (artifact id: '50ca983db41f225bbf9a1a8fb34ed457') in 0.008910 seconds
Number of updated asset objects reloaded before import = 0
Number of asset objects unloaded after import = 2
========================================================================
Received Import Request.
  Time since last request: 0.000018 seconds.
  path: Assets/Sounds/Female Voice Clips (1)/Female Voice Clips/Audio/Definitely.wav
  artifactKey: Guid(abdc037f2fbe50b40a1fd26d5cf4e530) Importer(815301076,1909f56bfc062723c751e8b465ee728b)
Start importing Assets/Sounds/Female Voice Clips (1)/Female Voice Clips/Audio/Definitely.wav using Guid(abdc037f2fbe50b40a1fd26d5cf4e530) Importer(815301076,1909f56bfc062723c751e8b465ee728b) [PhysX] Initialized MultithreadedTaskDispatcher with 28 workers.
[PhysX] Initialized MultithreadedTaskDispatcher with 28 workers.
 -> (artifact id: '37c3dd5c4ec067e72632baa20591ff43') in 0.009776 seconds
Number of updated asset objects reloaded before import = 0
Number of asset objects unloaded after import = 2
========================================================================
Received Import Request.
  Time since last request: 0.000015 seconds.
  path: Assets/Sounds/Female Voice Clips (1)/Female Voice Clips/Audio/Great.wav
  artifactKey: Guid(b18c0f077adee814899e306ce8ec53a2) Importer(815301076,1909f56bfc062723c751e8b465ee728b)
Start importing Assets/Sounds/Female Voice Clips (1)/Female Voice Clips/Audio/Great.wav using Guid(b18c0f077adee814899e306ce8ec53a2) Importer(815301076,1909f56bfc062723c751e8b465ee728b) [PhysX] Initialized MultithreadedTaskDispatcher with 28 workers.
[PhysX] Initialized MultithreadedTaskDispatcher with 28 workers.
 -> (artifact id: 'bc147933a0cb750ac6833986e6fbfd6c') in 0.009173 seconds
Number of updated asset objects reloaded before import = 0
Number of asset objects unloaded after import = 2
========================================================================
Received Import Request.
  Time since last request: 0.000016 seconds.
  path: Assets/Sounds/Female Voice Clips (1)/Female Voice Clips/Audio/Ready.wav
  artifactKey: Guid(855497ff0c2a10f4083b2be1882a4293) Importer(815301076,1909f56bfc062723c751e8b465ee728b)
Start importing Assets/Sounds/Female Voice Clips (1)/Female Voice Clips/Audio/Ready.wav using Guid(855497ff0c2a10f4083b2be1882a4293) Importer(815301076,1909f56bfc062723c751e8b465ee728b) [PhysX] Initialized MultithreadedTaskDispatcher with 28 workers.
[PhysX] Initialized MultithreadedTaskDispatcher with 28 workers.
 -> (artifact id: 'c86a7f913415650545fb1c3281b364b9') in 0.009149 seconds
Number of updated asset objects reloaded before import = 0
Number of asset objects unloaded after import = 2
========================================================================
Received Prepare
Caller must complete domain reload
Begin MonoManager ReloadAssembly
- Loaded All Assemblies, in  0.585 seconds
Native extension for WindowsStandalone target not found
Native extension for WebGL target not found
[Package Manager] Server::EnsureServerProcessIsRunning -- launch failed, reason: Unity was launched with the -noUpm command-line argument
[Package Manager] UpmClient::Send -- Unable to send message (not connected to UPM process).
[Package Manager] Cannot connect to Unity Package Manager local server
Mono: successfully reloaded assembly
- Finished resetting the current domain, in  0.510 seconds
Domain Reload Profiling: 1096ms
	BeginReloadAssembly (380ms)
		ExecutionOrderSort (0ms)
		DisableScriptedObjects (278ms)
		BackupInstance (0ms)
		ReleaseScriptingObjects (0ms)
		CreateAndSetChildDomain (29ms)
	RebuildCommonClasses (20ms)
	RebuildNativeTypeToScriptingClass (6ms)
	initialDomainReloadingComplete (18ms)
	LoadAllAssembliesAndSetupDomain (161ms)
		LoadAssemblies (191ms)
		RebuildTransferFunctionScriptingTraits (0ms)
		AnalyzeDomain (12ms)
			TypeCache.Refresh (5ms)
				TypeCache.ScanAssembly (0ms)
			ScanForSourceGeneratedMonoScriptInfo (0ms)
			ResolveRequiredComponents (6ms)
	FinalizeReload (511ms)
		ReleaseScriptCaches (0ms)
		RebuildScriptCaches (0ms)
		SetupLoadedEditorAssemblies (387ms)
			LogAssemblyErrors (0ms)
			InitializePlatformSupportModulesInManaged (4ms)
			SetLoadedEditorAssemblies (2ms)
			RefreshPlugins (0ms)
			BeforeProcessingInitializeOnLoad (52ms)
			ProcessInitializeOnLoadAttributes (276ms)
			ProcessInitializeOnLoadMethodAttributes (48ms)
			AfterProcessingInitializeOnLoad (4ms)
			EditorAssembliesLoaded (0ms)
		ExecutionOrderSort2 (0ms)
		AwakeInstancesAfterBackupRestoration (9ms)
Refreshing native plugins compatible for Editor in 2.48 ms, found 4 plugins.
Preloading 0 native plugins for Editor in 0.00 ms.
Unloading 6052 Unused Serialized files (Serialized files now loaded: 0)
Unloading 22 unused Assets / (316.5 KB). Loaded Objects now: 6762.
Memory consumption went from 207.0 MB to 206.7 MB.
Total: 2.294800 ms (FindLiveObjects: 0.269000 ms CreateObjectMapping: 0.133400 ms MarkObjects: 1.835100 ms  DeleteObjects: 0.056700 ms)

Prepare: number of updated asset objects reloaded= 0
AssetImportParameters requested are different than current active one (requested -> active):
  custom:container-demuxer-ogg: 62fdf1f143b41e24485cea50d1cbac27 -> 
  custom:video-codec-MediaFoundation-h265: 746d11721c4dcdbdad8f713fa42b33f4 -> 
  custom:video-decoder-ogg-theora: a1e56fd34408186e4bbccfd4996cb3dc -> 
  custom:framework-win-MediaFoundation: 216162199b28c13a410421893ffa2e32 -> 
  custom:CustomObjectIndexerAttribute: 72b91833f83ae208fae7752999fa3104 -> 
  custom:container-demuxer-webm: 4f35f7cbe854078d1ac9338744f61a02 -> 
  custom:container-muxer-webm: aa71ff27fc2769a1b78a27578f13a17b -> 
  custom:video-decoder-webm-vp8: 9c59270c3fd7afecdb556c50c9e8de78 -> 
  custom:SearchIndexIgnoredProperties: e643bd26f0fe6173181afceb89e7c659 -> 
  custom:AudioImporter_EditorPlatform: d09bf68614088b80899f8185d706f6e7 -> 
  custom:video-encoder-webm-vp8: eb34c28f22e8b96e1ab97ce403110664 -> 
  custom:audio-decoder-ogg-vorbis: bf7c407c2cedff20999df2af8eb42d56 -> 
  custom:audio-encoder-webm-vorbis: bf7c407c2cedff20999df2af8eb42d56 -> 
Editor requested this worker to shutdown with reason: Scaling down because of idle timeout
TcpMessagingSession - receive error: operation aborted. errorcode: 995, details: The I/O operation has been aborted because of either a thread exit or an application request.
AssetImportWorker is now disconnected from the server
Process exiting
Exiting without the bug reporter. Application will terminate with return code 0